2018-02-03 22:18:43 [scrapy.utils.log] INFO: Scrapy 1.5.0 started (bot: blogchinaSpider)
2018-02-03 22:18:43 [scrapy.utils.log] INFO: Versions: lxml 4.1.1.0, libxml2 2.9.5, cssselect 1.0.3, parsel 1.3.1, w3lib 1.18.0, Twisted 17.9.0, Python 3.6.1 (v3.6.1:69c0db5, Mar 21 2017, 17:54:52) [MSC v.1900 32 bit (Intel)], pyOpenSSL 17.5.0 (OpenSSL 1.1.0g  2 Nov 2017), cryptography 2.1.4, Platform Windows-10-10.0.16299-SP0
2018-02-03 22:18:43 [scrapy.crawler] INFO: Overridden settings: {'AUTOTHROTTLE_DEBUG': True, 'AUTOTHROTTLE_ENABLED': True, 'AUTOTHROTTLE_START_DELAY': 3, 'BOT_NAME': 'blogchinaSpider', 'CONCURRENT_ITEMS': 1000, 'CONCURRENT_REQUESTS': 256, 'CONCURRENT_REQUESTS_PER_DOMAIN': 128, 'COOKIES_ENABLED': False, 'DOWNLOAD_DELAY': 0.25, 'DUPEFILTER_CLASS': 'scrapy_redis.dupefilter.RFPDupeFilter', 'HTTPCACHE_ENABLED': True, 'LOG_FILE': 'blogchinaSpider/logs/scrapy.log', 'NEWSPIDER_MODULE': 'blogchinaSpider.spiders', 'SCHEDULER': 'scrapy_redis.scheduler.Scheduler', 'SPIDER_MODULES': ['blogchinaSpider.spiders'], 'USER_AGENT': ''}
2018-02-03 22:18:43 [scrapy.middleware] INFO: Enabled extensions:
['scrapy.extensions.corestats.CoreStats',
 'scrapy.extensions.telnet.TelnetConsole',
 'scrapy.extensions.logstats.LogStats',
 'scrapy.extensions.throttle.AutoThrottle']
2018-02-03 22:18:44 [scrapy.middleware] INFO: Enabled downloader middlewares:
['scrapy.downloadermiddlewares.httpauth.HttpAuthMiddleware',
 'scrapy.downloadermiddlewares.downloadtimeout.DownloadTimeoutMiddleware',
 'scrapy.downloadermiddlewares.defaultheaders.DefaultHeadersMiddleware',
 'blogchinaSpider.middlewares.rotate_useragent.RotateUserAgentMiddleware',
 'scrapy.downloadermiddlewares.retry.RetryMiddleware',
 'scrapy.downloadermiddlewares.redirect.MetaRefreshMiddleware',
 'scrapy.downloadermiddlewares.httpcompression.HttpCompressionMiddleware',
 'scrapy.downloadermiddlewares.redirect.RedirectMiddleware',
 'scrapy.downloadermiddlewares.httpproxy.HttpProxyMiddleware',
 'scrapy.downloadermiddlewares.stats.DownloaderStats',
 'scrapy.downloadermiddlewares.httpcache.HttpCacheMiddleware']
2018-02-03 22:18:44 [scrapy.middleware] INFO: Enabled spider middlewares:
['scrapy.spidermiddlewares.httperror.HttpErrorMiddleware',
 'scrapy.spidermiddlewares.offsite.OffsiteMiddleware',
 'scrapy.spidermiddlewares.referer.RefererMiddleware',
 'scrapy.spidermiddlewares.urllength.UrlLengthMiddleware',
 'scrapy.spidermiddlewares.depth.DepthMiddleware']
2018-02-03 22:18:44 [scrapy.middleware] INFO: Enabled item pipelines:
['blogchinaSpider.pipelines.SaveToMysqlPipeline']
2018-02-03 22:18:44 [scrapy.core.engine] INFO: Spider opened
2018-02-03 22:18:45 [blogchina] DEBUG: Resuming crawl (32673 requests scheduled)
2018-02-03 22:18:45 [scrapy.extensions.logstats] INFO: Crawled 0 pages (at 0 pages/min), scraped 0 items (at 0 items/min)
2018-02-03 22:18:45 [scrapy.extensions.httpcache] DEBUG: Using filesystem cache storage in C:\Users\hahah\Desktop\blogchinaSpider\.scrapy\httpcache
2018-02-03 22:18:45 [scrapy.extensions.telnet] DEBUG: Telnet console listening on 127.0.0.1:6023
2018-02-03 22:18:45 [scrapy.core.engine] DEBUG: Crawled (200) <GET http://post.blogchina.com/archive?user_id=59202099> (referer: http://xulizhi.blogchina.com) ['cached']
2018-02-03 22:18:45 [scrapy.core.engine] DEBUG: Crawled (200) <GET http://post.blogchina.com/archive?user_id=485298734> (referer: http://jkeznet.blogchina.com) ['cached']
2018-02-03 22:18:45 [scrapy.core.engine] DEBUG: Crawled (200) <GET http://post.blogchina.com/archive?user_id=888290366> (referer: http://shiyirensheng.blogchina.com) ['cached']
2018-02-03 22:18:45 [scrapy.core.engine] DEBUG: Crawled (200) <GET http://post.blogchina.com/archive?user_id=898383904> (referer: http://s0708.blogchina.com) ['cached']
2018-02-03 22:18:45 [scrapy.core.engine] DEBUG: Crawled (200) <GET http://post.blogchina.com/follow/521090609/fans> (referer: http://post.blogchina.com/user/userNum?user_id=521090609) ['cached']
2018-02-03 22:18:45 [scrapy.core.engine] DEBUG: Crawled (200) <GET http://post.blogchina.com/archive?user_id=59199642> (referer: http://maokaiyun.blogchina.com) ['cached']
2018-02-03 22:18:45 [scrapy.core.engine] DEBUG: Crawled (200) <GET http://post.blogchina.com/archive?user_id=59200312> (referer: http://cq7370660.blogchina.com) ['cached']
2018-02-03 22:18:45 [scrapy.core.engine] DEBUG: Crawled (200) <GET http://post.blogchina.com/archive?user_id=929960494> (referer: http://jingyingbaodao.blogchina.com) ['cached']
2018-02-03 22:18:45 [scrapy.core.engine] DEBUG: Crawled (200) <GET http://dpx666666-com.blogchina.com/633361975.html> (referer: http://post.blogchina.com/userdatearticle?uid=479205932&date=201711) ['cached']
2018-02-03 22:18:45 [scrapy.core.engine] DEBUG: Crawled (200) <GET http://post.blogchina.com/archive?user_id=42324> (referer: http://pangxingjie.blogchina.com) ['cached']
2018-02-03 22:18:45 [scrapy.core.engine] DEBUG: Crawled (200) <GET http://post.blogchina.com/archive?user_id=4254394> (referer: http://letaosun.blogchina.com) ['cached']
2018-02-03 22:18:45 [scrapy.core.engine] DEBUG: Crawled (200) <GET http://post.blogchina.com/archive?user_id=4277216> (referer: http://zhouxp.blogchina.com) ['cached']
2018-02-03 22:18:45 [scrapy.core.engine] DEBUG: Crawled (200) <GET http://post.blogchina.com/archive?user_id=59200299> (referer: http://wzcouple.blogchina.com) ['cached']
2018-02-03 22:18:45 [scrapy.core.engine] DEBUG: Crawled (200) <GET http://post.blogchina.com/archive?user_id=59200625> (referer: http://binggong.blogchina.com) ['cached']
2018-02-03 22:18:46 [scrapy.core.engine] DEBUG: Crawled (200) <GET http://post.blogchina.com/archive?user_id=59202258> (referer: http://feiyuyu.blogchina.com) ['cached']
2018-02-03 22:18:46 [scrapy.core.engine] DEBUG: Crawled (200) <GET http://post.blogchina.com/archive?user_id=59202392> (referer: http://tianyuan.blogchina.com) ['cached']
2018-02-03 22:18:46 [scrapy.core.engine] DEBUG: Crawled (200) <GET http://post.blogchina.com/archive?user_id=59202400> (referer: http://888888.blogchina.com) ['cached']
2018-02-03 22:18:46 [scrapy.core.engine] DEBUG: Crawled (200) <GET http://post.blogchina.com/archive?user_id=470497849> (referer: http://anzirui.blogchina.com) ['cached']
2018-02-03 22:18:46 [scrapy.core.engine] DEBUG: Crawled (200) <GET http://post.blogchina.com/archive?user_id=477244471> (referer: http://ylfather.blogchina.com) ['cached']
2018-02-03 22:18:46 [scrapy.core.engine] DEBUG: Crawled (200) <GET http://post.blogchina.com/archive?user_id=485567526> (referer: http://lifelove.blogchina.com) ['cached']
2018-02-03 22:18:46 [scrapy.core.engine] DEBUG: Crawled (200) <GET http://post.blogchina.com/archive?user_id=504111656> (referer: http://wjygsrzq.blogchina.com) ['cached']
2018-02-03 22:18:46 [scrapy.core.engine] DEBUG: Crawled (200) <GET http://post.blogchina.com/archive?user_id=611130943> (referer: http://jnsbyy.blogchina.com) ['cached']
2018-02-03 22:18:46 [scrapy.core.engine] DEBUG: Crawled (200) <GET http://post.blogchina.com/archive?user_id=619789351> (referer: http://xtyoudu.blogchina.com) ['cached']
2018-02-03 22:18:46 [scrapy.core.engine] DEBUG: Crawled (200) <GET http://post.blogchina.com/archive?user_id=644750886> (referer: http://dengchen.blogchina.com) ['cached']
2018-02-03 22:18:46 [scrapy.core.engine] DEBUG: Crawled (200) <GET http://post.blogchina.com/archive?user_id=644943422> (referer: http://yiyeshu.blogchina.com) ['cached']
2018-02-03 22:18:46 [scrapy.core.engine] DEBUG: Crawled (200) <GET http://post.blogchina.com/archive?user_id=646649896> (referer: http://mingyang.blogchina.com) ['cached']
2018-02-03 22:18:46 [scrapy.core.engine] DEBUG: Crawled (200) <GET http://post.blogchina.com/archive?user_id=655364136> (referer: http://czb2017.blogchina.com) ['cached']
2018-02-03 22:18:46 [scrapy.core.engine] DEBUG: Crawled (200) <GET http://post.blogchina.com/archive?user_id=661734454> (referer: http://dreambc.blogchina.com) ['cached']
2018-02-03 22:18:46 [scrapy.core.engine] DEBUG: Crawled (200) <GET http://post.blogchina.com/archive?user_id=739192352> (referer: http://js5158.blogchina.com) ['cached']
2018-02-03 22:18:46 [scrapy.core.engine] DEBUG: Crawled (200) <GET http://post.blogchina.com/archive?user_id=754067494> (referer: http://hilbert.blogchina.com) ['cached']
2018-02-03 22:18:46 [scrapy.core.engine] DEBUG: Crawled (200) <GET http://post.blogchina.com/archive?user_id=770578998> (referer: http://hair_zy.blogchina.com) ['cached']
2018-02-03 22:18:46 [scrapy.core.engine] DEBUG: Crawled (200) <GET http://post.blogchina.com/archive?user_id=778976822> (referer: http://meimei1.blogchina.com) ['cached']
2018-02-03 22:18:46 [scrapy.core.engine] DEBUG: Crawled (200) <GET http://post.blogchina.com/archive?user_id=778977334> (referer: http://aileyou.blogchina.com) ['cached']
2018-02-03 22:18:46 [scrapy.core.engine] DEBUG: Crawled (200) <GET http://post.blogchina.com/archive?user_id=789320745> (referer: http://lisoexpo.blogchina.com) ['cached']
2018-02-03 22:18:46 [scrapy.core.engine] DEBUG: Crawled (200) <GET http://post.blogchina.com/archive?user_id=795754038> (referer: http://weigang.blogchina.com) ['cached']
2018-02-03 22:18:46 [scrapy.core.engine] DEBUG: Crawled (200) <GET http://post.blogchina.com/archive?user_id=871445559> (referer: http://qss1954.blogchina.com) ['cached']
2018-02-03 22:18:46 [scrapy.core.engine] DEBUG: Crawled (200) <GET http://post.blogchina.com/archive?user_id=873212464> (referer: http://gpg2903.blogchina.com) ['cached']
2018-02-03 22:18:46 [scrapy.core.engine] DEBUG: Crawled (200) <GET http://post.blogchina.com/archive?user_id=879570983> (referer: http://shuyaren.blogchina.com) ['cached']
2018-02-03 22:18:46 [scrapy.core.engine] DEBUG: Crawled (200) <GET http://post.blogchina.com/archive?user_id=887963198> (referer: http://talanta.blogchina.com) ['cached']
2018-02-03 22:18:46 [scrapy.core.engine] DEBUG: Crawled (200) <GET http://post.blogchina.com/archive?user_id=921778222> (referer: http://laowang.blogchina.com) ['cached']
2018-02-03 22:18:46 [scrapy.core.engine] DEBUG: Crawled (200) <GET http://post.blogchina.com/archive?user_id=923536433> (referer: http://liyanan.blogchina.com) ['cached']
2018-02-03 22:18:46 [scrapy.core.engine] DEBUG: Crawled (200) <GET http://post.blogchina.com/user/userNum?user_id=636632110> (referer: http://post.blogchina.com/archive?user_id=636632110) ['cached']
2018-02-03 22:18:46 [scrapy.core.engine] DEBUG: Crawled (200) <GET http://post.blogchina.com/user/userNum?user_id=644951087> (referer: http://post.blogchina.com/archive?user_id=644951087) ['cached']
2018-02-03 22:18:46 [scrapy.core.engine] DEBUG: Crawled (200) <GET http://post.blogchina.com/user/userNum?user_id=653147703> (referer: http://post.blogchina.com/archive?user_id=653147703) ['cached']
2018-02-03 22:18:46 [scrapy.core.engine] DEBUG: Crawled (200) <GET http://post.blogchina.com/user/userNum?user_id=737217071> (referer: http://post.blogchina.com/archive?user_id=737217071) ['cached']
2018-02-03 22:18:46 [scrapy.core.engine] DEBUG: Crawled (200) <GET http://post.blogchina.com/user/userNum?user_id=745684006> (referer: http://post.blogchina.com/archive?user_id=745684006) ['cached']
2018-02-03 22:18:46 [scrapy.core.engine] DEBUG: Crawled (200) <GET http://post.blogchina.com/user/userNum?user_id=753997374> (referer: http://post.blogchina.com/archive?user_id=753997374) ['cached']
2018-02-03 22:18:46 [scrapy.core.engine] DEBUG: Crawled (200) <GET http://post.blogchina.com/user/userNum?user_id=770588222> (referer: http://post.blogchina.com/archive?user_id=770588222) ['cached']
2018-02-03 22:18:46 [scrapy.core.engine] DEBUG: Crawled (200) <GET http://post.blogchina.com/user/userNum?user_id=778911286> (referer: http://post.blogchina.com/archive?user_id=778911286) ['cached']
2018-02-03 22:18:46 [scrapy.core.engine] DEBUG: Crawled (200) <GET http://post.blogchina.com/user/userNum?user_id=789528625> (referer: http://post.blogchina.com/archive?user_id=789528625) ['cached']
2018-02-03 22:18:46 [scrapy.core.engine] DEBUG: Crawled (200) <GET http://post.blogchina.com/user/userNum?user_id=888278071> (referer: http://post.blogchina.com/archive?user_id=888278071) ['cached']
2018-02-03 22:18:46 [scrapy.core.engine] DEBUG: Crawled (200) <GET http://post.blogchina.com/user/userNum?user_id=913194558> (referer: http://post.blogchina.com/archive?user_id=913194558) ['cached']
2018-02-03 22:18:46 [scrapy.core.engine] DEBUG: Crawled (200) <GET http://post.blogchina.com/archive?user_id=6614> (referer: http://jiuyimeng.blogchina.com) ['cached']
2018-02-03 22:18:46 [scrapy.core.engine] DEBUG: Crawled (200) <GET http://post.blogchina.com/archive?user_id=6621> (referer: http://holycelia.blogchina.com) ['cached']
2018-02-03 22:18:46 [scrapy.core.engine] DEBUG: Crawled (200) <GET http://post.blogchina.com/archive?user_id=6635> (referer: http://82288112.blogchina.com) ['cached']
2018-02-03 22:18:46 [scrapy.core.engine] DEBUG: Crawled (200) <GET http://post.blogchina.com/archive?user_id=6657> (referer: http://andong885.blogchina.com) ['cached']
2018-02-03 22:18:46 [scrapy.core.engine] DEBUG: Crawled (200) <GET http://post.blogchina.com/archive?user_id=6728> (referer: http://cxedu816.blogchina.com) ['cached']
2018-02-03 22:18:46 [scrapy.core.engine] DEBUG: Crawled (200) <GET http://post.blogchina.com/archive?user_id=6737> (referer: http://20060929.blogchina.com) ['cached']
2018-02-03 22:18:46 [scrapy.core.engine] DEBUG: Crawled (200) <GET http://post.blogchina.com/archive?user_id=6782> (referer: http://zwc86777.blogchina.com) ['cached']
2018-02-03 22:18:47 [scrapy.core.engine] DEBUG: Crawled (200) <GET http://post.blogchina.com/archive?user_id=6800> (referer: http://yuyibaiyi.blogchina.com) ['cached']
2018-02-03 22:18:47 [scrapy.core.engine] DEBUG: Crawled (200) <GET http://post.blogchina.com/archive?user_id=6811> (referer: http://lvriyang.blogchina.com) ['cached']
2018-02-03 22:18:47 [scrapy.core.engine] DEBUG: Crawled (200) <GET http://post.blogchina.com/archive?user_id=6824> (referer: http://371457408.blogchina.com) ['cached']
2018-02-03 22:18:47 [scrapy.core.engine] DEBUG: Crawled (200) <GET http://post.blogchina.com/archive?user_id=6832> (referer: http://woaijiaju.blogchina.com) ['cached']
2018-02-03 22:18:51 [scrapy.extensions.throttle] INFO: slot: post.blogchina.com | conc: 2 | delay: 6162 ms (+3162) | latency: 6162 ms | size:   210 bytes
2018-02-03 22:18:51 [scrapy.core.engine] DEBUG: Crawled (200) <GET http://post.blogchina.com/archive?user_id=57042> (referer: http://daixu.blogchina.com)
2018-02-03 22:18:52 [scrapy.extensions.throttle] INFO: slot: post.blogchina.com | conc: 1 | delay: 4263 ms (-1898) | latency: 2364 ms | size:   106 bytes
2018-02-03 22:18:52 [scrapy.core.engine] DEBUG: Crawled (200) <GET http://post.blogchina.com/archive?user_id=57043> (referer: http://topbz3.blogchina.com)
2018-02-03 22:18:52 [scrapy.core.engine] DEBUG: Crawled (200) <GET http://discuss5.blogchina.com/discuss/633361975> (referer: http://dpx666666-com.blogchina.com/633361975.html) ['cached']
2018-02-03 22:18:52 [scrapy.core.engine] DEBUG: Crawled (200) <GET http://post.blogchina.com/user/userNum?user_id=6800> (referer: http://post.blogchina.com/archive?user_id=6800) ['cached']
2018-02-03 22:18:52 [scrapy.core.engine] DEBUG: Crawled (200) <GET http://post.blogchina.com/user/userNum?user_id=59200312> (referer: http://post.blogchina.com/archive?user_id=59200312) ['cached']
2018-02-03 22:18:52 [scrapy.core.engine] DEBUG: Crawled (200) <GET http://post.blogchina.com/user/userNum?user_id=4254394> (referer: http://post.blogchina.com/archive?user_id=4254394) ['cached']
2018-02-03 22:18:52 [scrapy.core.engine] DEBUG: Crawled (200) <GET http://post.blogchina.com/user/userNum?user_id=59200299> (referer: http://post.blogchina.com/archive?user_id=59200299) ['cached']
2018-02-03 22:18:52 [scrapy.core.engine] DEBUG: Crawled (200) <GET http://post.blogchina.com/user/userNum?user_id=59200625> (referer: http://post.blogchina.com/archive?user_id=59200625) ['cached']
2018-02-03 22:18:52 [scrapy.core.engine] DEBUG: Crawled (200) <GET http://post.blogchina.com/user/userNum?user_id=59202392> (referer: http://post.blogchina.com/archive?user_id=59202392) ['cached']
2018-02-03 22:18:52 [scrapy.core.engine] DEBUG: Crawled (200) <GET http://post.blogchina.com/user/userNum?user_id=485567526> (referer: http://post.blogchina.com/archive?user_id=485567526) ['cached']
2018-02-03 22:18:52 [scrapy.core.engine] DEBUG: Crawled (200) <GET http://post.blogchina.com/user/userNum?user_id=879570983> (referer: http://post.blogchina.com/archive?user_id=879570983) ['cached']
2018-02-03 22:18:52 [scrapy.core.engine] DEBUG: Crawled (200) <GET http://post.blogchina.com/user/userNum?user_id=619789351> (referer: http://post.blogchina.com/archive?user_id=619789351) ['cached']
2018-02-03 22:18:52 [scrapy.core.engine] DEBUG: Crawled (200) <GET http://post.blogchina.com/user/userNum?user_id=778976822> (referer: http://post.blogchina.com/archive?user_id=778976822) ['cached']
2018-02-03 22:18:52 [scrapy.core.engine] DEBUG: Crawled (200) <GET http://post.blogchina.com/user/userNum?user_id=778977334> (referer: http://post.blogchina.com/archive?user_id=778977334) ['cached']
2018-02-03 22:18:52 [scrapy.core.engine] DEBUG: Crawled (200) <GET http://post.blogchina.com/user/userNum?user_id=795754038> (referer: http://post.blogchina.com/archive?user_id=795754038) ['cached']
2018-02-03 22:18:52 [scrapy.core.engine] DEBUG: Crawled (200) <GET http://post.blogchina.com/user/userNum?user_id=887963198> (referer: http://post.blogchina.com/archive?user_id=887963198) ['cached']
2018-02-03 22:18:52 [scrapy.core.engine] DEBUG: Crawled (200) <GET http://post.blogchina.com/user/userNum?user_id=921778222> (referer: http://post.blogchina.com/archive?user_id=921778222) ['cached']
2018-02-03 22:18:52 [scrapy.core.engine] DEBUG: Crawled (200) <GET http://post.blogchina.com/user/userNum?user_id=59202400> (referer: http://post.blogchina.com/archive?user_id=59202400) ['cached']
2018-02-03 22:18:53 [scrapy.core.scraper] DEBUG: Scraped from <200 http://discuss5.blogchina.com/discuss/633361975>
{'blog_author_id': '479205932',
 'blog_id': 633361975,
 'category': '互联网',
 'comment_ids': [],
 'comment_num': 0,
 'content': '\n'
            '            \t'
            '前几天分享了百度霸屏的具体操作方法，那么在接下来这几天我会跟大家具体讲解一下百度系产品的具体推广方法，今天主要介绍的是百度系流量的代表---贴吧。现在市面上有很多贴吧的推广技巧，也有很多人打着贴吧教学的旗号再招生，仅仅这一个贴吧教学有的甚至就收到上千元，真可谓知识无价啊。话又说回来，无论我们做任何推广、任何一个平台，我们要想做到如鱼得水，事半功倍，就必须要了解他的商业价值以及商业模式。同样，要想在贴吧中推广，我们就要了解贴吧的迭代史，以及未来的发展趋势。\n'
            '    \n'
            '        \n'
            ' '
            '贴吧，美其名曰共同兴趣的人的发帖的吧，但是随着推广人群的增多，现在成了广告的天下，百度为了防止贴吧被广告完全占领，实行了很严格的发帖控制。但是，任何制度都是有漏洞的，那些在贴吧中摸索的精英人群渐渐探索出了一套推广流程，本人在混迹的一年之中，接触了贴吧里的很多不为人知的推广方法，现在就把这些内幕方法分享给对贴吧推广的新手们，让大家少走弯路。首先贴吧的选择，贴吧几百万个，在哪个贴吧发帖呢，这是有讲究的，首先大家需要在百度框里搜索跟你业务相关的关键词，比如你是个加盟项目，你就得搜索加盟或者项目的关键词，然后找到相关的贴吧进行发帖。这只是万里长征的第一步，有的人说找到对应的贴吧发帖就是了，还有啥技巧，我告诉你，这里面的学问深着呢，如果你贸然发帖，立刻会被秒删，在这里，你必须过两关，第一关，系统删帖，第二关，吧主删帖，吧主删帖比较麻烦，因为很多能引流的贴吧的吧主实际上是花大价钱买来的，或者是私下收费的，完全垄断，这个新闻里也有报道，莆田系事件大家都知道，现在严格些，但是不是没有，所以你根本没机会发帖。为了少一关，你第一步就必须找没吧主的贴吧（这个基本不太现实了），或者是在另一个是时间点，在工作时间点发帖，一般审核比较严，在晚上12点后，中午12点到1点间，下午5,6点间被删除的几率低些，经验，不知道具体原因。 '
            '这样，第二关你就勉强过了，第一关，系统删帖，是一个非常麻烦的事情，只要含有手机，微信，qq号的，还有带敏感词，广告词的，一律会被秒删，还有图片带文字的，图片敏感的，带链接的，也会被删除，这么难？但是你会发现贴吧里有些帖子啥都带，为啥都不删除呢，这又涉及到一个问题，广告的变形，比如微信号啥的用中文或者用音同字，图片进行水印处理，这个图片的水印处理是贴吧秘不外传的技术，原理很简单，就是在图片里加入干扰线，让百度的图片识别功能歇菜，然后再用ps把自己的广告给添上去，这只是第一步，因为百度有相似性判定，如果你在多个贴吧发，照样会把它当做广告贴。于是又衍生出随机md5值，原理很简单，复制100个一模一样的图片，然后在每个图片上随机再加一个图片，这样就造成了图片的md5值不一样，那百度就很傻的觉得图片不一样。那对于多个贴吧发帖怎么办？因为你不可能为每个贴吧写个帖子，所以就出现了随机字母穿插在每个帖子里，而这一切，就需要一个工具，贴吧批量发帖工具就诞生了，现在市面上有5到6类这种工具，原理都一样，就是可以批量发帖顶贴，但是百度对同一个帖子，同一个账号也有ip限制，如果一个账号顶一个帖子，很快就会被认为水贴而被删除，于是，新的商机产生了，卖贴吧顶贴号，某宝大批的卖，直接买几十个号挂软件里，然后依次顶贴。但是新的问题又产生了，百度对同一ip多个账号登录会直接封掉账号，于是，vps服务器诞生了，又产生一个商机，直接在这个vps服务器上断线重连就换一次ip，然后，所有技术问题就解决了，只需导入顶贴号，点击自动发帖，自动顶贴，一个广告贴就可以被几百个账号顶到第一位，然后引流，产生交易，整个生态链正式完成。实际操作一下：第1步，购买帐号。在淘宝或找熟人购买发帖号和顶帖号，现以8个全新手机注册号为例\n'
            '    \n'
            '        \n'
            ' 第2步，打开某发贴吧群发软\n'
            '    \n'
            '        \n'
            ' 第3步，打开“登陆”，把帐号密码的txt文件拖进去，再点击“开始登陆”。\n'
            '    \n'
            '        \n'
            '完成以上3个步骤，就成功登录了8个帐号。第4步，首先，先点击“帐号”，然后，再点击右下角的“检测帐号\n'
            '    \n'
            '        \n'
            '第5步，依次在“已经掉线”、“已被屏蔽”和“全面封禁”选项前面打勾，最后，再点击“开始检测”。然后就看到下图：\n'
            '    \n'
            '        \n'
            ' 第6步，点击“本地IP”进行设置。\n'
            '    \n'
            '        \n'
            '第7步，点击“设置”，然后点击设置中心下的“打码平台”，注册个若快帐号，方便之后群发时，自动打码。\n'
            '    \n'
            '        \n'
            '第8步，点击“发帖”，右键输入标题和内容，然后，点击右下角的“贴吧采集”，输入关键词，采集贴吧，右边的设置根据需求来定，最后，点击“开始发帖”。\n'
            '    \n'
            '        \n'
            '第9步，发帖成功，回帖的操作类似。\n'
            '    \n'
            '        \n'
            '完成以上步骤，就说明你群发成功了，帖子没被删的话，就一直顶帖，让你的内容一直曝光在首页，如果被删了的话，先把内容再优化一下，再去烧，活得久一点，引来的流量就多一点。贴吧引流是一个很考验耐心和技术的工作，需要不断进行实操，只有经历过封号被封到怀疑人生的折磨之后，才会一边骂娘一边汲取教训和总结经验。其实，像一些贴吧大神，做到日发千帖，全天霸屏也不是不可能，只要把四大核心都熟练掌握了，在操作的时候再多注意一下细节就可以了。当然，多学习一下同行的经验，也是必经的一条路，没事就多研究一下同行的帖子是怎么发的，内容和话术都是可以学习的。 '
            '这个就是当前贴吧的生态圈，新手大概了解下吧，之所以魔高一尺，道高一丈，反广告技术在进步，广告技术也在进步，其实，这只是一小部分，还有很多高深的技术掌握在少量的大牛手里，绝对让你目瞪口呆，你肯定有个疑问，为啥百度不完全杜绝呢，有句古话说得好，水至清则无鱼，百度完全有技术屏蔽所有的漏洞，但是杜绝了，百度贴吧的广告价值就要打折扣了，因为百度自己都在贴吧里打广告，说笑了，哈哈，天下没有免费的午餐，贴吧也要盈利，鱼缸里不但要有吃食的大鱼，还必须有吃渣渣的小鱼，而我们大家只是一条到处找渣吃的小鱼而已。\n'
            '                \n'
            '            ',
 'hand_down_num': 0,
 'hand_up_num': 0,
 'pictures': ['http://images.blogchina.com/artpic_upload_v5/5a1be8ca79587.png',
              'http://images.blogchina.com/artpic_upload_v5/5a1be9bb85aa6.png',
              'http://images.blogchina.com/artpic_upload_v5/5a1be985955db.png',
              'http://images.blogchina.com/artpic_upload_v5/5a1be9aae9758.png',
              'http://images.blogchina.com/artpic_upload_v5/5a1be9e9b8cf3.png',
              'http://images.blogchina.com/artpic_upload_v5/5a1be9f6b7f89.png',
              'http://images.blogchina.com/artpic_upload_v5/5a1bea037f71f.png',
              'http://images.blogchina.com/artpic_upload_v5/5a1bea0e336f9.png',
              'http://images.blogchina.com/artpic_upload_v5/5a1bea1925612.png',
              'http://images.blogchina.com/artpic_upload_v5/5a1be8af3abea.png'],
 'publish_time': '2017.11.27 18:34',
 'read_num': '3',
 'sub_title': '',
 'title': '贴吧推广内幕全揭露：4大核心+9个步骤，不怕没有流量',
 'url': 'http://dpx666666-com.blogchina.com/633361975.html'}
2018-02-03 22:18:54 [scrapy.extensions.throttle] INFO: slot: post.blogchina.com | conc: 1 | delay: 2249 ms (-2013) | latency:  236 ms | size:   106 bytes
2018-02-03 22:18:54 [scrapy.core.engine] DEBUG: Crawled (200) <GET http://post.blogchina.com/archive?user_id=57049> (referer: http://ninibuy.blogchina.com)
2018-02-03 22:18:57 [scrapy.extensions.throttle] INFO: slot: post.blogchina.com | conc: 1 | delay: 1175 ms (-1074) | latency:  101 ms | size:   106 bytes
2018-02-03 22:18:57 [scrapy.core.engine] DEBUG: Crawled (200) <GET http://post.blogchina.com/archive?user_id=57066> (referer: http://afeihe.blogchina.com)
2018-02-03 22:18:58 [scrapy.extensions.throttle] INFO: slot: post.blogchina.com | conc: 1 | delay:  662 ms (-513) | latency:  149 ms | size:   285 bytes
2018-02-03 22:18:58 [scrapy.core.engine] DEBUG: Crawled (200) <GET http://post.blogchina.com/archive?user_id=57078> (referer: http://liximin.blogchina.com)
2018-02-03 22:19:00 [scrapy.extensions.throttle] INFO: slot: post.blogchina.com | conc: 1 | delay:  404 ms (-257) | latency:  147 ms | size:   208 bytes
2018-02-03 22:19:00 [scrapy.core.engine] DEBUG: Crawled (200) <GET http://post.blogchina.com/archive?user_id=57119> (referer: http://dhfuidf.blogchina.com)
2018-02-03 22:19:01 [scrapy.extensions.throttle] INFO: slot: post.blogchina.com | conc: 1 | delay:  260 ms (-144) | latency:  116 ms | size:   209 bytes
2018-02-03 22:19:01 [scrapy.core.engine] DEBUG: Crawled (200) <GET http://post.blogchina.com/archive?user_id=57170> (referer: http://style.blogchina.com)
2018-02-03 22:19:01 [scrapy.extensions.throttle] INFO: slot: post.blogchina.com | conc: 1 | delay:  250 ms (-10) | latency:  140 ms | size:   206 bytes
2018-02-03 22:19:01 [scrapy.core.engine] DEBUG: Crawled (200) <GET http://post.blogchina.com/archive?user_id=57267> (referer: http://linyan.blogchina.com)
2018-02-03 22:19:01 [scrapy.extensions.throttle] INFO: slot: post.blogchina.com | conc: 1 | delay:  250 ms (+0) | latency:  178 ms | size:   208 bytes
2018-02-03 22:19:01 [scrapy.core.engine] DEBUG: Crawled (200) <GET http://post.blogchina.com/archive?user_id=57463> (referer: http://iatusa.blogchina.com)
2018-02-03 22:19:02 [scrapy.extensions.throttle] INFO: slot: post.blogchina.com | conc: 1 | delay:  250 ms (+0) | latency:  127 ms | size:   106 bytes
2018-02-03 22:19:02 [scrapy.core.engine] DEBUG: Crawled (200) <GET http://post.blogchina.com/archive?user_id=57727> (referer: http://xajob.blogchina.com)
2018-02-03 22:19:02 [scrapy.extensions.throttle] INFO: slot: post.blogchina.com | conc: 1 | delay:  250 ms (+0) | latency:  129 ms | size:   106 bytes
2018-02-03 22:19:02 [scrapy.core.engine] DEBUG: Crawled (200) <GET http://post.blogchina.com/archive?user_id=57740> (referer: http://hxnnzc.blogchina.com)
2018-02-03 22:19:02 [scrapy.extensions.throttle] INFO: slot: post.blogchina.com | conc: 1 | delay:  250 ms (+0) | latency:  120 ms | size:   106 bytes
2018-02-03 22:19:02 [scrapy.core.engine] DEBUG: Crawled (200) <GET http://post.blogchina.com/archive?user_id=57953> (referer: http://aigold.blogchina.com)
2018-02-03 22:19:02 [scrapy.extensions.throttle] INFO: slot: post.blogchina.com | conc: 1 | delay:  250 ms (+0) | latency:  119 ms | size:   106 bytes
2018-02-03 22:19:03 [scrapy.core.engine] DEBUG: Crawled (200) <GET http://post.blogchina.com/archive?user_id=58501> (referer: http://nagual.blogchina.com)
2018-02-03 22:19:03 [scrapy.extensions.throttle] INFO: slot: post.blogchina.com | conc: 1 | delay:  250 ms (+0) | latency:  110 ms | size:   208 bytes
2018-02-03 22:19:03 [scrapy.core.engine] DEBUG: Crawled (200) <GET http://post.blogchina.com/archive?user_id=58923> (referer: http://pipinv.blogchina.com)
2018-02-03 22:19:03 [scrapy.extensions.throttle] INFO: slot: post.blogchina.com | conc: 1 | delay:  250 ms (+0) | latency:  125 ms | size:   106 bytes
2018-02-03 22:19:03 [scrapy.core.engine] DEBUG: Crawled (200) <GET http://post.blogchina.com/archive?user_id=58959> (referer: http://btxyfm.blogchina.com)
2018-02-03 22:19:03 [scrapy.extensions.throttle] INFO: slot: post.blogchina.com | conc: 1 | delay:  250 ms (+0) | latency:  165 ms | size:   106 bytes
2018-02-03 22:19:03 [scrapy.core.engine] DEBUG: Crawled (200) <GET http://post.blogchina.com/archive?user_id=58960> (referer: http://neteye.blogchina.com)
2018-02-03 22:19:04 [scrapy.extensions.throttle] INFO: slot: post.blogchina.com | conc: 1 | delay:  250 ms (+0) | latency:  150 ms | size:   106 bytes
2018-02-03 22:19:04 [scrapy.core.engine] DEBUG: Crawled (200) <GET http://post.blogchina.com/archive?user_id=59002> (referer: http://jhzyy1.blogchina.com)
2018-02-03 22:19:04 [scrapy.extensions.throttle] INFO: slot: post.blogchina.com | conc: 1 | delay:  250 ms (+0) | latency:  102 ms | size:   207 bytes
2018-02-03 22:19:04 [scrapy.core.engine] DEBUG: Crawled (200) <GET http://post.blogchina.com/archive?user_id=59114> (referer: http://hrl229.blogchina.com)
2018-02-03 22:19:04 [scrapy.extensions.throttle] INFO: slot: post.blogchina.com | conc: 1 | delay:  250 ms (+0) | latency:  154 ms | size:   106 bytes
2018-02-03 22:19:04 [scrapy.core.engine] DEBUG: Crawled (200) <GET http://post.blogchina.com/archive?user_id=59219> (referer: http://lzy135.blogchina.com)
2018-02-03 22:19:05 [scrapy.extensions.throttle] INFO: slot: post.blogchina.com | conc: 1 | delay:  250 ms (+0) | latency:  128 ms | size:   106 bytes
2018-02-03 22:19:05 [scrapy.core.engine] DEBUG: Crawled (200) <GET http://post.blogchina.com/archive?user_id=59349> (referer: http://ridgen.blogchina.com)
2018-02-03 22:19:05 [scrapy.extensions.throttle] INFO: slot: post.blogchina.com | conc: 1 | delay:  250 ms (+0) | latency:  162 ms | size:   106 bytes
2018-02-03 22:19:05 [scrapy.core.engine] DEBUG: Crawled (200) <GET http://post.blogchina.com/archive?user_id=59454> (referer: http://981219.blogchina.com)
2018-02-03 22:19:05 [scrapy.extensions.throttle] INFO: slot: post.blogchina.com | conc: 1 | delay:  250 ms (+0) | latency:  167 ms | size:   213 bytes
2018-02-03 22:19:05 [scrapy.core.engine] DEBUG: Crawled (200) <GET http://post.blogchina.com/archive?user_id=59462> (referer: http://qsysh.blogchina.com)
2018-02-03 22:19:06 [scrapy.extensions.throttle] INFO: slot: post.blogchina.com | conc: 1 | delay:  250 ms (+0) | latency:  148 ms | size:   212 bytes
2018-02-03 22:19:06 [scrapy.core.engine] DEBUG: Crawled (200) <GET http://post.blogchina.com/archive?user_id=59695> (referer: http://gztbsj.blogchina.com)
2018-02-03 22:19:06 [scrapy.extensions.throttle] INFO: slot: post.blogchina.com | conc: 1 | delay:  250 ms (+0) | latency:  116 ms | size:   106 bytes
2018-02-03 22:19:06 [scrapy.core.engine] DEBUG: Crawled (200) <GET http://post.blogchina.com/archive?user_id=59729> (referer: http://fxr312.blogchina.com)
2018-02-03 22:19:06 [scrapy.extensions.throttle] INFO: slot: post.blogchina.com | conc: 1 | delay:  250 ms (+0) | latency:  100 ms | size:   106 bytes
2018-02-03 22:19:06 [scrapy.core.engine] DEBUG: Crawled (200) <GET http://post.blogchina.com/archive?user_id=59739> (referer: http://hyseal.blogchina.com)
2018-02-03 22:19:07 [scrapy.extensions.throttle] INFO: slot: post.blogchina.com | conc: 1 | delay:  250 ms (+0) | latency:  162 ms | size:   212 bytes
2018-02-03 22:19:07 [scrapy.core.engine] DEBUG: Crawled (200) <GET http://post.blogchina.com/archive?user_id=59976> (referer: http://chufei.blogchina.com)
2018-02-03 22:19:07 [scrapy.extensions.throttle] INFO: slot: post.blogchina.com | conc: 1 | delay:  250 ms (+0) | latency:  134 ms | size:   106 bytes
2018-02-03 22:19:07 [scrapy.core.engine] DEBUG: Crawled (200) <GET http://post.blogchina.com/archive?user_id=60086> (referer: http://wqhxcg2.blogchina.com)
2018-02-03 22:19:07 [scrapy.extensions.throttle] INFO: slot: post.blogchina.com | conc: 1 | delay:  250 ms (+0) | latency:  113 ms | size:   214 bytes
2018-02-03 22:19:07 [scrapy.core.engine] DEBUG: Crawled (200) <GET http://post.blogchina.com/archive?user_id=60124> (referer: http://dd88jj.blogchina.com)
2018-02-03 22:19:07 [scrapy.extensions.throttle] INFO: slot: post.blogchina.com | conc: 1 | delay:  250 ms (+0) | latency:  106 ms | size:   214 bytes
2018-02-03 22:19:07 [scrapy.core.engine] DEBUG: Crawled (200) <GET http://post.blogchina.com/archive?user_id=60225> (referer: http://dianai.blogchina.com)
2018-02-03 22:19:08 [scrapy.extensions.throttle] INFO: slot: post.blogchina.com | conc: 1 | delay:  250 ms (+0) | latency:  118 ms | size:   106 bytes
2018-02-03 22:19:08 [scrapy.core.engine] DEBUG: Crawled (200) <GET http://post.blogchina.com/archive?user_id=60247> (referer: http://dhqysj.blogchina.com)
2018-02-03 22:19:08 [scrapy.extensions.throttle] INFO: slot: post.blogchina.com | conc: 1 | delay:  250 ms (+0) | latency:   99 ms | size:   212 bytes
2018-02-03 22:19:08 [scrapy.core.engine] DEBUG: Crawled (200) <GET http://post.blogchina.com/archive?user_id=60297> (referer: http://wangth.blogchina.com)
2018-02-03 22:19:08 [scrapy.extensions.throttle] INFO: slot: post.blogchina.com | conc: 1 | delay:  250 ms (+0) | latency:  130 ms | size:   211 bytes
2018-02-03 22:19:08 [scrapy.core.engine] DEBUG: Crawled (200) <GET http://post.blogchina.com/archive?user_id=60299> (referer: http://today1.blogchina.com)
2018-02-03 22:19:09 [scrapy.extensions.throttle] INFO: slot: post.blogchina.com | conc: 1 | delay:  250 ms (+0) | latency:  111 ms | size:   106 bytes
2018-02-03 22:19:09 [scrapy.core.engine] DEBUG: Crawled (200) <GET http://post.blogchina.com/archive?user_id=60380> (referer: http://law180.blogchina.com)
2018-02-03 22:19:09 [scrapy.extensions.throttle] INFO: slot: post.blogchina.com | conc: 1 | delay:  250 ms (+0) | latency:  111 ms | size:   106 bytes
2018-02-03 22:19:09 [scrapy.core.engine] DEBUG: Crawled (200) <GET http://post.blogchina.com/archive?user_id=60424> (referer: http://jobbon.blogchina.com)
2018-02-03 22:19:09 [scrapy.extensions.throttle] INFO: slot: post.blogchina.com | conc: 1 | delay:  250 ms (+0) | latency:  141 ms | size:   212 bytes
2018-02-03 22:19:09 [scrapy.core.engine] DEBUG: Crawled (200) <GET http://post.blogchina.com/archive?user_id=60577> (referer: http://whfyh.blogchina.com)
2018-02-03 22:19:10 [scrapy.extensions.throttle] INFO: slot: post.blogchina.com | conc: 1 | delay:  250 ms (+0) | latency:  156 ms | size:   211 bytes
2018-02-03 22:19:10 [scrapy.core.engine] DEBUG: Crawled (200) <GET http://post.blogchina.com/archive?user_id=60606> (referer: http://xrdsx.blogchina.com)
2018-02-03 22:19:10 [scrapy.extensions.throttle] INFO: slot: post.blogchina.com | conc: 1 | delay:  250 ms (+0) | latency:   95 ms | size:   106 bytes
2018-02-03 22:19:10 [scrapy.core.engine] DEBUG: Crawled (200) <GET http://post.blogchina.com/archive?user_id=60618> (referer: http://wendns.blogchina.com)
2018-02-03 22:19:10 [scrapy.extensions.throttle] INFO: slot: post.blogchina.com | conc: 1 | delay:  250 ms (+0) | latency:  145 ms | size:   106 bytes
2018-02-03 22:19:10 [scrapy.core.engine] DEBUG: Crawled (200) <GET http://post.blogchina.com/archive?user_id=60703> (referer: http://btxyly.blogchina.com)
2018-02-03 22:19:10 [scrapy.extensions.throttle] INFO: slot: post.blogchina.com | conc: 1 | delay:  250 ms (+0) | latency:  123 ms | size:   106 bytes
2018-02-03 22:19:10 [scrapy.core.engine] DEBUG: Crawled (200) <GET http://post.blogchina.com/archive?user_id=60727> (referer: http://lazyhu.blogchina.com)
2018-02-03 22:19:11 [scrapy.extensions.throttle] INFO: slot: post.blogchina.com | conc: 1 | delay:  250 ms (+0) | latency:  113 ms | size:   106 bytes
2018-02-03 22:19:11 [scrapy.core.engine] DEBUG: Crawled (200) <GET http://post.blogchina.com/archive?user_id=60905> (referer: http://artget.blogchina.com)
2018-02-03 22:19:11 [scrapy.extensions.throttle] INFO: slot: post.blogchina.com | conc: 1 | delay:  250 ms (+0) | latency:  142 ms | size:   106 bytes
2018-02-03 22:19:11 [scrapy.core.engine] DEBUG: Crawled (200) <GET http://post.blogchina.com/archive?user_id=61297> (referer: http://qzbook.blogchina.com)
2018-02-03 22:19:11 [scrapy.extensions.throttle] INFO: slot: post.blogchina.com | conc: 1 | delay:  250 ms (+0) | latency:  164 ms | size:   106 bytes
2018-02-03 22:19:11 [scrapy.core.engine] DEBUG: Crawled (200) <GET http://post.blogchina.com/archive?user_id=61365> (referer: http://bjllws.blogchina.com)
2018-02-03 22:19:12 [scrapy.extensions.throttle] INFO: slot: post.blogchina.com | conc: 1 | delay:  250 ms (+0) | latency:  149 ms | size:   210 bytes
2018-02-03 22:19:12 [scrapy.core.engine] DEBUG: Crawled (200) <GET http://post.blogchina.com/archive?user_id=61385> (referer: http://dgaoda.blogchina.com)
2018-02-03 22:19:12 [scrapy.extensions.throttle] INFO: slot: post.blogchina.com | conc: 1 | delay:  250 ms (+0) | latency:  151 ms | size:   211 bytes
2018-02-03 22:19:12 [scrapy.core.engine] DEBUG: Crawled (200) <GET http://post.blogchina.com/archive?user_id=61473> (referer: http://qiaoj.blogchina.com)
2018-02-03 22:19:13 [scrapy.extensions.throttle] INFO: slot: post.blogchina.com | conc: 1 | delay:  250 ms (+0) | latency:  156 ms | size:   106 bytes
2018-02-03 22:19:13 [scrapy.core.engine] DEBUG: Crawled (200) <GET http://post.blogchina.com/archive?user_id=61515> (referer: http://hbhybf.blogchina.com)
2018-02-03 22:19:13 [scrapy.extensions.throttle] INFO: slot: post.blogchina.com | conc: 1 | delay:  250 ms (+0) | latency:  105 ms | size:   106 bytes
2018-02-03 22:19:13 [scrapy.core.engine] DEBUG: Crawled (200) <GET http://post.blogchina.com/archive?user_id=61517> (referer: http://bfdxdl.blogchina.com)
2018-02-03 22:19:13 [scrapy.extensions.throttle] INFO: slot: post.blogchina.com | conc: 1 | delay:  250 ms (+0) | latency:  119 ms | size:   106 bytes
2018-02-03 22:19:13 [scrapy.core.engine] DEBUG: Crawled (200) <GET http://post.blogchina.com/archive?user_id=61574> (referer: http://sibooo.blogchina.com)
2018-02-03 22:19:14 [scrapy.extensions.throttle] INFO: slot: post.blogchina.com | conc: 1 | delay:  250 ms (+0) | latency:  138 ms | size:   106 bytes
2018-02-03 22:19:14 [scrapy.core.engine] DEBUG: Crawled (200) <GET http://post.blogchina.com/archive?user_id=61666> (referer: http://sjzfh.blogchina.com)
2018-02-03 22:19:14 [scrapy.extensions.throttle] INFO: slot: post.blogchina.com | conc: 1 | delay:  250 ms (+0) | latency:  117 ms | size:   106 bytes
2018-02-03 22:19:14 [scrapy.core.engine] DEBUG: Crawled (200) <GET http://post.blogchina.com/archive?user_id=61773> (referer: http://kmmoxi.blogchina.com)
2018-02-03 22:19:14 [scrapy.extensions.throttle] INFO: slot: post.blogchina.com | conc: 1 | delay:  250 ms (+0) | latency:  136 ms | size:   106 bytes
2018-02-03 22:19:14 [scrapy.core.engine] DEBUG: Crawled (200) <GET http://post.blogchina.com/archive?user_id=61881> (referer: http://imdxad.blogchina.com)
2018-02-03 22:19:14 [scrapy.extensions.throttle] INFO: slot: post.blogchina.com | conc: 1 | delay:  250 ms (+0) | latency:  119 ms | size:   106 bytes
2018-02-03 22:19:14 [scrapy.core.engine] DEBUG: Crawled (200) <GET http://post.blogchina.com/archive?user_id=61910> (referer: http://worlde.blogchina.com)
2018-02-03 22:19:15 [scrapy.extensions.throttle] INFO: slot: post.blogchina.com | conc: 1 | delay:  250 ms (+0) | latency:  126 ms | size:   106 bytes
2018-02-03 22:19:15 [scrapy.core.engine] DEBUG: Crawled (200) <GET http://post.blogchina.com/archive?user_id=62093> (referer: http://lianwx.blogchina.com)
2018-02-03 22:19:15 [scrapy.extensions.throttle] INFO: slot: post.blogchina.com | conc: 1 | delay:  250 ms (+0) | latency:   97 ms | size:   106 bytes
2018-02-03 22:19:15 [scrapy.core.engine] DEBUG: Crawled (200) <GET http://post.blogchina.com/archive?user_id=62163> (referer: http://8541185.blogchina.com)
2018-02-03 22:19:15 [scrapy.extensions.throttle] INFO: slot: post.blogchina.com | conc: 1 | delay:  250 ms (+0) | latency:  109 ms | size:   106 bytes
2018-02-03 22:19:15 [scrapy.core.engine] DEBUG: Crawled (200) <GET http://post.blogchina.com/archive?user_id=62166> (referer: http://shhbfw.blogchina.com)
2018-02-03 22:19:16 [scrapy.extensions.throttle] INFO: slot: post.blogchina.com | conc: 1 | delay:  250 ms (+0) | latency:  120 ms | size:   223 bytes
2018-02-03 22:19:16 [scrapy.core.engine] DEBUG: Crawled (200) <GET http://post.blogchina.com/archive?user_id=62200> (referer: http://czlian.blogchina.com)
2018-02-03 22:19:16 [scrapy.extensions.throttle] INFO: slot: post.blogchina.com | conc: 1 | delay:  250 ms (+0) | latency:  133 ms | size:   106 bytes
2018-02-03 22:19:16 [scrapy.core.engine] DEBUG: Crawled (200) <GET http://post.blogchina.com/archive?user_id=62217> (referer: http://dfzyqg.blogchina.com)
2018-02-03 22:19:16 [scrapy.extensions.throttle] INFO: slot: post.blogchina.com | conc: 1 | delay:  250 ms (+0) | latency:   90 ms | size:   106 bytes
2018-02-03 22:19:16 [scrapy.core.engine] DEBUG: Crawled (200) <GET http://post.blogchina.com/archive?user_id=62326> (referer: http://boyapr.blogchina.com)
2018-02-03 22:19:16 [scrapy.extensions.throttle] INFO: slot: post.blogchina.com | conc: 1 | delay:  250 ms (+0) | latency:   86 ms | size:   106 bytes
2018-02-03 22:19:17 [scrapy.core.engine] DEBUG: Crawled (200) <GET http://post.blogchina.com/archive?user_id=62363> (referer: http://qusiba.blogchina.com)
2018-02-03 22:19:17 [scrapy.extensions.throttle] INFO: slot: post.blogchina.com | conc: 1 | delay:  250 ms (+0) | latency:   97 ms | size:   106 bytes
2018-02-03 22:19:17 [scrapy.core.engine] DEBUG: Crawled (200) <GET http://post.blogchina.com/archive?user_id=62367> (referer: http://mbchsi.blogchina.com)
2018-02-03 22:19:17 [scrapy.extensions.throttle] INFO: slot: post.blogchina.com | conc: 1 | delay:  250 ms (+0) | latency:  108 ms | size:   106 bytes
2018-02-03 22:19:17 [scrapy.core.engine] DEBUG: Crawled (200) <GET http://post.blogchina.com/archive?user_id=62385> (referer: http://fasinio.blogchina.com)
2018-02-03 22:19:17 [scrapy.extensions.throttle] INFO: slot: post.blogchina.com | conc: 1 | delay:  250 ms (+0) | latency:  157 ms | size:   223 bytes
2018-02-03 22:19:17 [scrapy.core.engine] DEBUG: Crawled (200) <GET http://post.blogchina.com/archive?user_id=62417> (referer: http://mumu22.blogchina.com)
2018-02-03 22:19:17 [scrapy.extensions.throttle] INFO: slot: post.blogchina.com | conc: 1 | delay:  250 ms (+0) | latency:   98 ms | size:   106 bytes
2018-02-03 22:19:18 [scrapy.core.engine] DEBUG: Crawled (200) <GET http://post.blogchina.com/archive?user_id=62660> (referer: http://lyjxzb.blogchina.com)
2018-02-03 22:19:18 [scrapy.extensions.throttle] INFO: slot: post.blogchina.com | conc: 1 | delay:  250 ms (+0) | latency:  135 ms | size:   213 bytes
2018-02-03 22:19:18 [scrapy.core.engine] DEBUG: Crawled (200) <GET http://post.blogchina.com/archive?user_id=62678> (referer: http://goooog.blogchina.com)
2018-02-03 22:19:18 [scrapy.extensions.throttle] INFO: slot: post.blogchina.com | conc: 1 | delay:  250 ms (+0) | latency:  138 ms | size:   236 bytes
2018-02-03 22:19:18 [scrapy.core.engine] DEBUG: Crawled (200) <GET http://post.blogchina.com/archive?user_id=62734> (referer: http://msebh.blogchina.com)
2018-02-03 22:19:18 [scrapy.extensions.throttle] INFO: slot: post.blogchina.com | conc: 1 | delay:  250 ms (+0) | latency:  135 ms | size:   212 bytes
2018-02-03 22:19:18 [scrapy.core.engine] DEBUG: Crawled (200) <GET http://post.blogchina.com/archive?user_id=62791> (referer: http://yd756.blogchina.com)
2018-02-03 22:19:19 [scrapy.extensions.throttle] INFO: slot: post.blogchina.com | conc: 1 | delay:  250 ms (+0) | latency:  114 ms | size:   212 bytes
2018-02-03 22:19:19 [scrapy.core.engine] DEBUG: Crawled (200) <GET http://post.blogchina.com/archive?user_id=62809> (referer: http://nikita.blogchina.com)
2018-02-03 22:19:19 [scrapy.extensions.throttle] INFO: slot: post.blogchina.com | conc: 1 | delay:  250 ms (+0) | latency:  145 ms | size:   106 bytes
2018-02-03 22:19:19 [scrapy.core.engine] DEBUG: Crawled (200) <GET http://post.blogchina.com/archive?user_id=62893> (referer: http://sort00.blogchina.com)
2018-02-03 22:19:19 [scrapy.extensions.throttle] INFO: slot: post.blogchina.com | conc: 1 | delay:  250 ms (+0) | latency:  111 ms | size:   106 bytes
2018-02-03 22:19:19 [scrapy.core.engine] DEBUG: Crawled (200) <GET http://post.blogchina.com/archive?user_id=62951> (referer: http://bft999.blogchina.com)
2018-02-03 22:19:19 [scrapy.extensions.throttle] INFO: slot: post.blogchina.com | conc: 1 | delay:  250 ms (+0) | latency:  170 ms | size:   106 bytes
2018-02-03 22:19:20 [scrapy.core.engine] DEBUG: Crawled (200) <GET http://post.blogchina.com/archive?user_id=63010> (referer: http://gzdbhr.blogchina.com)
2018-02-03 22:19:20 [scrapy.extensions.throttle] INFO: slot: post.blogchina.com | conc: 1 | delay:  250 ms (+0) | latency:  140 ms | size:   106 bytes
2018-02-03 22:19:20 [scrapy.core.engine] DEBUG: Crawled (200) <GET http://post.blogchina.com/archive?user_id=63015> (referer: http://deep55.blogchina.com)
2018-02-03 22:19:20 [scrapy.extensions.throttle] INFO: slot: post.blogchina.com | conc: 1 | delay:  250 ms (+0) | latency:  144 ms | size:   212 bytes
2018-02-03 22:19:20 [scrapy.core.engine] DEBUG: Crawled (200) <GET http://post.blogchina.com/archive?user_id=63038> (referer: http://880769.blogchina.com)
2018-02-03 22:19:20 [scrapy.extensions.throttle] INFO: slot: post.blogchina.com | conc: 1 | delay:  250 ms (+0) | latency:  106 ms | size:   106 bytes
2018-02-03 22:19:20 [scrapy.core.engine] DEBUG: Crawled (200) <GET http://post.blogchina.com/archive?user_id=63047> (referer: http://k8k891.blogchina.com)
2018-02-03 22:19:20 [scrapy.extensions.throttle] INFO: slot: post.blogchina.com | conc: 1 | delay:  250 ms (+0) | latency:  133 ms | size:   212 bytes
2018-02-03 22:19:21 [scrapy.core.engine] DEBUG: Crawled (200) <GET http://post.blogchina.com/archive?user_id=63096> (referer: http://djf945.blogchina.com)
2018-02-03 22:19:21 [scrapy.extensions.throttle] INFO: slot: post.blogchina.com | conc: 1 | delay:  250 ms (+0) | latency:  126 ms | size:   211 bytes
2018-02-03 22:19:21 [scrapy.core.engine] DEBUG: Crawled (200) <GET http://post.blogchina.com/archive?user_id=63146> (referer: http://akdnh.blogchina.com)
2018-02-03 22:19:21 [scrapy.extensions.throttle] INFO: slot: post.blogchina.com | conc: 1 | delay:  250 ms (+0) | latency:  136 ms | size:   106 bytes
2018-02-03 22:19:21 [scrapy.core.engine] DEBUG: Crawled (200) <GET http://post.blogchina.com/archive?user_id=63179> (referer: http://bxzxgs.blogchina.com)
2018-02-03 22:19:21 [scrapy.extensions.throttle] INFO: slot: post.blogchina.com | conc: 1 | delay:  250 ms (+0) | latency:  140 ms | size:   222 bytes
2018-02-03 22:19:21 [scrapy.core.engine] DEBUG: Crawled (200) <GET http://post.blogchina.com/archive?user_id=63215> (referer: http://cjd168.blogchina.com)
2018-02-03 22:19:22 [scrapy.extensions.throttle] INFO: slot: post.blogchina.com | conc: 1 | delay:  250 ms (+0) | latency:  132 ms | size:   106 bytes
2018-02-03 22:19:22 [scrapy.core.engine] DEBUG: Crawled (200) <GET http://post.blogchina.com/archive?user_id=63274> (referer: http://h67889.blogchina.com)
2018-02-03 22:19:22 [scrapy.extensions.throttle] INFO: slot: post.blogchina.com | conc: 1 | delay:  250 ms (+0) | latency:  143 ms | size:   106 bytes
2018-02-03 22:19:22 [scrapy.core.engine] DEBUG: Crawled (200) <GET http://post.blogchina.com/archive?user_id=63380> (referer: http://jk0851.blogchina.com)
2018-02-03 22:19:22 [scrapy.extensions.throttle] INFO: slot: post.blogchina.com | conc: 1 | delay:  250 ms (+0) | latency:  120 ms | size:   223 bytes
2018-02-03 22:19:22 [scrapy.core.engine] DEBUG: Crawled (200) <GET http://post.blogchina.com/archive?user_id=63488> (referer: http://lst322.blogchina.com)
2018-02-03 22:19:23 [scrapy.extensions.throttle] INFO: slot: post.blogchina.com | conc: 1 | delay:  250 ms (+0) | latency:  106 ms | size:   106 bytes
2018-02-03 22:19:23 [scrapy.core.engine] DEBUG: Crawled (200) <GET http://post.blogchina.com/archive?user_id=63515> (referer: http://ha571.blogchina.com)
2018-02-03 22:19:23 [scrapy.extensions.throttle] INFO: slot: post.blogchina.com | conc: 1 | delay:  250 ms (+0) | latency:  118 ms | size:   106 bytes
2018-02-03 22:19:23 [scrapy.core.engine] DEBUG: Crawled (200) <GET http://post.blogchina.com/archive?user_id=63573> (referer: http://cnhqyl.blogchina.com)
2018-02-03 22:19:23 [scrapy.extensions.throttle] INFO: slot: post.blogchina.com | conc: 1 | delay:  250 ms (+0) | latency:  164 ms | size:   212 bytes
2018-02-03 22:19:23 [scrapy.core.engine] DEBUG: Crawled (200) <GET http://post.blogchina.com/archive?user_id=63633> (referer: http://smile1.blogchina.com)
2018-02-03 22:19:24 [scrapy.extensions.throttle] INFO: slot: post.blogchina.com | conc: 1 | delay:  250 ms (+0) | latency:   92 ms | size:   106 bytes
2018-02-03 22:19:24 [scrapy.core.engine] DEBUG: Crawled (200) <GET http://post.blogchina.com/archive?user_id=63708> (referer: http://lcjmgg.blogchina.com)
2018-02-03 22:19:24 [scrapy.extensions.throttle] INFO: slot: post.blogchina.com | conc: 1 | delay:  250 ms (+0) | latency:  120 ms | size:   212 bytes
2018-02-03 22:19:24 [scrapy.core.engine] DEBUG: Crawled (200) <GET http://post.blogchina.com/archive?user_id=63789> (referer: http://fjnfjm.blogchina.com)
2018-02-03 22:19:24 [scrapy.extensions.throttle] INFO: slot: post.blogchina.com | conc: 1 | delay:  250 ms (+0) | latency:  108 ms | size:   106 bytes
2018-02-03 22:19:24 [scrapy.core.engine] DEBUG: Crawled (200) <GET http://post.blogchina.com/archive?user_id=64497> (referer: http://wanhe.blogchina.com)
2018-02-03 22:19:24 [scrapy.extensions.throttle] INFO: slot: post.blogchina.com | conc: 1 | delay:  250 ms (+0) | latency:  134 ms | size:   106 bytes
2018-02-03 22:19:24 [scrapy.core.engine] DEBUG: Crawled (200) <GET http://post.blogchina.com/archive?user_id=64532> (referer: http://atsmd.blogchina.com)
2018-02-03 22:19:25 [scrapy.extensions.throttle] INFO: slot: post.blogchina.com | conc: 1 | delay:  250 ms (+0) | latency:  148 ms | size:   106 bytes
2018-02-03 22:19:25 [scrapy.core.engine] DEBUG: Crawled (200) <GET http://post.blogchina.com/archive?user_id=64587> (referer: http://fan87.blogchina.com)
2018-02-03 22:19:25 [scrapy.extensions.throttle] INFO: slot: post.blogchina.com | conc: 1 | delay:  250 ms (+0) | latency:  121 ms | size:   106 bytes
2018-02-03 22:19:25 [scrapy.core.engine] DEBUG: Crawled (200) <GET http://post.blogchina.com/archive?user_id=64611> (referer: http://tcsyj.blogchina.com)
2018-02-03 22:19:25 [scrapy.extensions.throttle] INFO: slot: post.blogchina.com | conc: 1 | delay:  250 ms (+0) | latency:  132 ms | size:   212 bytes
2018-02-03 22:19:25 [scrapy.core.engine] DEBUG: Crawled (200) <GET http://post.blogchina.com/archive?user_id=64649> (referer: http://wuliu1.blogchina.com)
2018-02-03 22:19:25 [scrapy.extensions.throttle] INFO: slot: post.blogchina.com | conc: 1 | delay:  250 ms (+0) | latency:  107 ms | size:   106 bytes
2018-02-03 22:19:25 [scrapy.core.engine] DEBUG: Crawled (200) <GET http://post.blogchina.com/archive?user_id=64827> (referer: http://lyw395.blogchina.com)
2018-02-03 22:19:26 [scrapy.extensions.throttle] INFO: slot: post.blogchina.com | conc: 1 | delay:  250 ms (+0) | latency:  131 ms | size:   106 bytes
2018-02-03 22:19:26 [scrapy.core.engine] DEBUG: Crawled (200) <GET http://post.blogchina.com/archive?user_id=64884> (referer: http://cdmnfw.blogchina.com)
2018-02-03 22:19:26 [scrapy.extensions.throttle] INFO: slot: post.blogchina.com | conc: 1 | delay:  250 ms (+0) | latency:  128 ms | size:   212 bytes
2018-02-03 22:19:26 [scrapy.core.engine] DEBUG: Crawled (200) <GET http://post.blogchina.com/archive?user_id=64924> (referer: http://fnlmx.blogchina.com)
2018-02-03 22:19:26 [scrapy.extensions.throttle] INFO: slot: post.blogchina.com | conc: 1 | delay:  250 ms (+0) | latency:  111 ms | size:   212 bytes
2018-02-03 22:19:26 [scrapy.core.engine] DEBUG: Crawled (200) <GET http://post.blogchina.com/archive?user_id=64972> (referer: http://787887.blogchina.com)
2018-02-03 22:19:27 [scrapy.extensions.throttle] INFO: slot: post.blogchina.com | conc: 1 | delay:  250 ms (+0) | latency:  123 ms | size:   106 bytes
2018-02-03 22:19:27 [scrapy.core.engine] DEBUG: Crawled (200) <GET http://post.blogchina.com/archive?user_id=64985> (referer: http://dylcjj.blogchina.com)
2018-02-03 22:19:27 [scrapy.extensions.throttle] INFO: slot: post.blogchina.com | conc: 1 | delay:  250 ms (+0) | latency:  132 ms | size:   212 bytes
2018-02-03 22:19:27 [scrapy.core.engine] DEBUG: Crawled (200) <GET http://post.blogchina.com/archive?user_id=65024> (referer: http://fafins.blogchina.com)
2018-02-03 22:19:27 [scrapy.extensions.throttle] INFO: slot: post.blogchina.com | conc: 1 | delay:  250 ms (+0) | latency:  131 ms | size:   106 bytes
2018-02-03 22:19:27 [scrapy.core.engine] DEBUG: Crawled (200) <GET http://post.blogchina.com/archive?user_id=65141> (referer: http://kfdlsl.blogchina.com)
2018-02-03 22:19:28 [scrapy.extensions.throttle] INFO: slot: post.blogchina.com | conc: 1 | delay:  250 ms (+0) | latency:   96 ms | size:   106 bytes
2018-02-03 22:19:28 [scrapy.core.engine] DEBUG: Crawled (200) <GET http://post.blogchina.com/archive?user_id=65145> (referer: http://joe108.blogchina.com)
2018-02-03 22:19:28 [scrapy.extensions.throttle] INFO: slot: post.blogchina.com | conc: 1 | delay:  250 ms (+0) | latency:  123 ms | size:   212 bytes
2018-02-03 22:19:28 [scrapy.core.engine] DEBUG: Crawled (200) <GET http://post.blogchina.com/archive?user_id=65216> (referer: http://raysys.blogchina.com)
2018-02-03 22:19:28 [scrapy.extensions.throttle] INFO: slot: post.blogchina.com | conc: 1 | delay:  250 ms (+0) | latency:  112 ms | size:   210 bytes
2018-02-03 22:19:29 [scrapy.core.engine] DEBUG: Crawled (200) <GET http://post.blogchina.com/archive?user_id=65222> (referer: http://lm7758.blogchina.com)
2018-02-03 22:19:29 [scrapy.extensions.throttle] INFO: slot: post.blogchina.com | conc: 1 | delay:  250 ms (+0) | latency:  125 ms | size:   106 bytes
2018-02-03 22:19:29 [scrapy.core.engine] DEBUG: Crawled (200) <GET http://post.blogchina.com/archive?user_id=65230> (referer: http://ahbabu.blogchina.com)
2018-02-03 22:19:30 [scrapy.extensions.throttle] INFO: slot: post.blogchina.com | conc: 1 | delay:  250 ms (+0) | latency:  146 ms | size:   106 bytes
2018-02-03 22:19:30 [scrapy.core.engine] DEBUG: Crawled (200) <GET http://post.blogchina.com/archive?user_id=65290> (referer: http://usbvod.blogchina.com)
2018-02-03 22:19:30 [scrapy.extensions.throttle] INFO: slot: post.blogchina.com | conc: 1 | delay:  250 ms (+0) | latency:  150 ms | size:   211 bytes
2018-02-03 22:19:31 [scrapy.core.engine] DEBUG: Crawled (200) <GET http://post.blogchina.com/archive?user_id=65306> (referer: http://3088288.blogchina.com)
2018-02-03 22:19:31 [scrapy.extensions.throttle] INFO: slot: post.blogchina.com | conc: 1 | delay:  250 ms (+0) | latency:  156 ms | size:   106 bytes
2018-02-03 22:19:31 [scrapy.core.engine] DEBUG: Crawled (200) <GET http://post.blogchina.com/archive?user_id=65620> (referer: http://jngzts.blogchina.com)
2018-02-03 22:19:32 [scrapy.extensions.throttle] INFO: slot: post.blogchina.com | conc: 1 | delay:  250 ms (+0) | latency:  149 ms | size:   212 bytes
2018-02-03 22:19:32 [scrapy.core.engine] DEBUG: Crawled (200) <GET http://post.blogchina.com/archive?user_id=65680> (referer: http://jjbang.blogchina.com)
2018-02-03 22:19:32 [scrapy.extensions.throttle] INFO: slot: post.blogchina.com | conc: 1 | delay:  250 ms (+0) | latency:  149 ms | size:   106 bytes
2018-02-03 22:19:32 [scrapy.core.engine] DEBUG: Crawled (200) <GET http://post.blogchina.com/archive?user_id=65748> (referer: http://hc1122.blogchina.com)
2018-02-03 22:19:32 [scrapy.extensions.throttle] INFO: slot: post.blogchina.com | conc: 1 | delay:  250 ms (+0) | latency:  112 ms | size:   213 bytes
2018-02-03 22:19:32 [scrapy.core.engine] DEBUG: Crawled (200) <GET http://post.blogchina.com/archive?user_id=65799> (referer: http://dko4666.blogchina.com)
2018-02-03 22:19:33 [scrapy.extensions.throttle] INFO: slot: post.blogchina.com | conc: 1 | delay:  250 ms (+0) | latency:  130 ms | size:   214 bytes
2018-02-03 22:19:33 [scrapy.core.engine] DEBUG: Crawled (200) <GET http://post.blogchina.com/archive?user_id=65827> (referer: http://hanrui.blogchina.com)
2018-02-03 22:19:33 [scrapy.extensions.throttle] INFO: slot: post.blogchina.com | conc: 1 | delay:  250 ms (+0) | latency:  112 ms | size:   212 bytes
2018-02-03 22:19:33 [scrapy.core.engine] DEBUG: Crawled (200) <GET http://post.blogchina.com/archive?user_id=65862> (referer: http://ipwork.blogchina.com)
2018-02-03 22:19:33 [scrapy.extensions.throttle] INFO: slot: post.blogchina.com | conc: 1 | delay:  250 ms (+0) | latency:  143 ms | size:   106 bytes
2018-02-03 22:19:33 [scrapy.core.engine] DEBUG: Crawled (200) <GET http://post.blogchina.com/archive?user_id=65920> (referer: http://olarra.blogchina.com)
2018-02-03 22:19:33 [scrapy.extensions.throttle] INFO: slot: post.blogchina.com | conc: 1 | delay:  250 ms (+0) | latency:  114 ms | size:   106 bytes
2018-02-03 22:19:33 [scrapy.core.engine] DEBUG: Crawled (200) <GET http://post.blogchina.com/archive?user_id=65976> (referer: http://fyhslw.blogchina.com)
2018-02-03 22:19:34 [scrapy.extensions.throttle] INFO: slot: post.blogchina.com | conc: 1 | delay:  250 ms (+0) | latency:  112 ms | size:   106 bytes
2018-02-03 22:19:34 [scrapy.core.engine] DEBUG: Crawled (200) <GET http://post.blogchina.com/archive?user_id=66056> (referer: http://lqq999.blogchina.com)
2018-02-03 22:19:34 [scrapy.extensions.throttle] INFO: slot: post.blogchina.com | conc: 1 | delay:  250 ms (+0) | latency:  116 ms | size:   214 bytes
2018-02-03 22:19:34 [scrapy.core.engine] DEBUG: Crawled (200) <GET http://post.blogchina.com/archive?user_id=66228> (referer: http://dlelsa.blogchina.com)
2018-02-03 22:19:34 [scrapy.extensions.throttle] INFO: slot: post.blogchina.com | conc: 1 | delay:  250 ms (+0) | latency:  142 ms | size:   106 bytes
2018-02-03 22:19:34 [scrapy.core.engine] DEBUG: Crawled (200) <GET http://post.blogchina.com/archive?user_id=66304> (referer: http://hey004.blogchina.com)
2018-02-03 22:19:35 [scrapy.extensions.throttle] INFO: slot: post.blogchina.com | conc: 1 | delay:  250 ms (+0) | latency:  113 ms | size:   212 bytes
2018-02-03 22:19:35 [scrapy.core.engine] DEBUG: Crawled (200) <GET http://post.blogchina.com/archive?user_id=66430> (referer: http://kk7210.blogchina.com)
2018-02-03 22:19:35 [scrapy.extensions.throttle] INFO: slot: post.blogchina.com | conc: 1 | delay:  250 ms (+0) | latency:  118 ms | size:   106 bytes
2018-02-03 22:19:35 [scrapy.core.engine] DEBUG: Crawled (200) <GET http://post.blogchina.com/archive?user_id=66456> (referer: http://mn5859.blogchina.com)
2018-02-03 22:19:35 [scrapy.extensions.throttle] INFO: slot: post.blogchina.com | conc: 1 | delay:  250 ms (+0) | latency:  154 ms | size:   212 bytes
2018-02-03 22:19:35 [scrapy.core.engine] DEBUG: Crawled (200) <GET http://post.blogchina.com/archive?user_id=66620> (referer: http://fuw521.blogchina.com)
2018-02-03 22:19:36 [scrapy.extensions.throttle] INFO: slot: post.blogchina.com | conc: 1 | delay:  250 ms (+0) | latency:  134 ms | size:   106 bytes
2018-02-03 22:19:36 [scrapy.core.engine] DEBUG: Crawled (200) <GET http://post.blogchina.com/archive?user_id=66743> (referer: http://hdnjzx.blogchina.com)
2018-02-03 22:19:36 [scrapy.extensions.throttle] INFO: slot: post.blogchina.com | conc: 1 | delay:  250 ms (+0) | latency:  135 ms | size:   106 bytes
2018-02-03 22:19:36 [scrapy.core.engine] DEBUG: Crawled (200) <GET http://post.blogchina.com/archive?user_id=66809> (referer: http://hbccpj.blogchina.com)
2018-02-03 22:19:36 [scrapy.extensions.throttle] INFO: slot: post.blogchina.com | conc: 1 | delay:  250 ms (+0) | latency:  108 ms | size:   211 bytes
2018-02-03 22:19:36 [scrapy.core.engine] DEBUG: Crawled (200) <GET http://post.blogchina.com/archive?user_id=66995> (referer: http://bdf777.blogchina.com)
2018-02-03 22:19:36 [scrapy.extensions.throttle] INFO: slot: post.blogchina.com | conc: 1 | delay:  250 ms (+0) | latency:   92 ms | size:   394 bytes
2018-02-03 22:19:37 [scrapy.core.engine] DEBUG: Crawled (200) <GET http://post.blogchina.com/archive?user_id=67157> (referer: http://lyw105.blogchina.com)
2018-02-03 22:19:37 [scrapy.extensions.throttle] INFO: slot: post.blogchina.com | conc: 1 | delay:  250 ms (+0) | latency:  138 ms | size:   312 bytes
2018-02-03 22:19:37 [scrapy.core.engine] DEBUG: Crawled (200) <GET http://post.blogchina.com/archive?user_id=67174> (referer: http://help.blogchina.com)
2018-02-03 22:19:37 [scrapy.extensions.throttle] INFO: slot: post.blogchina.com | conc: 1 | delay:  250 ms (+0) | latency:   94 ms | size:   106 bytes
2018-02-03 22:19:37 [scrapy.core.engine] DEBUG: Crawled (200) <GET http://post.blogchina.com/archive?user_id=67620> (referer: http://jrez001.blogchina.com)
2018-02-03 22:19:37 [scrapy.extensions.throttle] INFO: slot: post.blogchina.com | conc: 1 | delay:  250 ms (+0) | latency:  126 ms | size:   106 bytes
2018-02-03 22:19:37 [scrapy.core.engine] DEBUG: Crawled (200) <GET http://post.blogchina.com/archive?user_id=67670> (referer: http://qyxlgm.blogchina.com)
2018-02-03 22:19:38 [scrapy.extensions.throttle] INFO: slot: post.blogchina.com | conc: 1 | delay:  250 ms (+0) | latency:   90 ms | size:   544 bytes
2018-02-03 22:19:38 [scrapy.core.engine] DEBUG: Crawled (200) <GET http://post.blogchina.com/archive?user_id=67897> (referer: http://lijiao.blogchina.com)
2018-02-03 22:19:38 [scrapy.extensions.throttle] INFO: slot: post.blogchina.com | conc: 1 | delay:  250 ms (+0) | latency:  107 ms | size:   426 bytes
2018-02-03 22:19:38 [scrapy.core.engine] DEBUG: Crawled (200) <GET http://post.blogchina.com/archive?user_id=68085> (referer: http://dishui.blogchina.com)
2018-02-03 22:19:38 [scrapy.extensions.throttle] INFO: slot: post.blogchina.com | conc: 1 | delay:  250 ms (+0) | latency:  175 ms | size:   257 bytes
2018-02-03 22:19:39 [scrapy.core.engine] DEBUG: Crawled (200) <GET http://post.blogchina.com/archive?user_id=68094> (referer: http://sss001.blogchina.com)
2018-02-03 22:19:39 [scrapy.extensions.throttle] INFO: slot: post.blogchina.com | conc: 1 | delay:  250 ms (+0) | latency:  148 ms | size:   211 bytes
2018-02-03 22:19:39 [scrapy.core.engine] DEBUG: Crawled (200) <GET http://post.blogchina.com/archive?user_id=68434> (referer: http://gtlsz3.blogchina.com)
2018-02-03 22:19:39 [scrapy.extensions.throttle] INFO: slot: post.blogchina.com | conc: 1 | delay:  250 ms (+0) | latency:   98 ms | size:   212 bytes
2018-02-03 22:19:39 [scrapy.core.engine] DEBUG: Crawled (200) <GET http://post.blogchina.com/archive?user_id=68446> (referer: http://li8921.blogchina.com)
2018-02-03 22:19:39 [scrapy.extensions.throttle] INFO: slot: post.blogchina.com | conc: 1 | delay:  250 ms (+0) | latency:  118 ms | size:   289 bytes
2018-02-03 22:19:39 [scrapy.core.engine] DEBUG: Crawled (200) <GET http://post.blogchina.com/archive?user_id=68529> (referer: http://xmsl100.blogchina.com)
2018-02-03 22:19:40 [scrapy.extensions.throttle] INFO: slot: post.blogchina.com | conc: 1 | delay:  250 ms (+0) | latency:  125 ms | size:   106 bytes
2018-02-03 22:19:40 [scrapy.core.engine] DEBUG: Crawled (200) <GET http://post.blogchina.com/archive?user_id=68538> (referer: http://jy8866.blogchina.com)
2018-02-03 22:19:40 [scrapy.extensions.throttle] INFO: slot: post.blogchina.com | conc: 1 | delay:  250 ms (+0) | latency:  120 ms | size:   106 bytes
2018-02-03 22:19:40 [scrapy.core.engine] DEBUG: Crawled (200) <GET http://post.blogchina.com/archive?user_id=68593> (referer: http://zzskzz.blogchina.com)
2018-02-03 22:19:40 [scrapy.extensions.throttle] INFO: slot: post.blogchina.com | conc: 1 | delay:  250 ms (+0) | latency:   99 ms | size:   106 bytes
2018-02-03 22:19:40 [scrapy.core.engine] DEBUG: Crawled (200) <GET http://post.blogchina.com/archive?user_id=68630> (referer: http://wwwcjf.blogchina.com)
2018-02-03 22:19:41 [scrapy.extensions.throttle] INFO: slot: post.blogchina.com | conc: 1 | delay:  250 ms (+0) | latency:  132 ms | size:   106 bytes
2018-02-03 22:19:41 [scrapy.core.engine] DEBUG: Crawled (200) <GET http://post.blogchina.com/archive?user_id=68776> (referer: http://sdhksw.blogchina.com)
2018-02-03 22:19:41 [scrapy.extensions.throttle] INFO: slot: post.blogchina.com | conc: 1 | delay:  250 ms (+0) | latency:   96 ms | size:   106 bytes
2018-02-03 22:19:41 [scrapy.core.engine] DEBUG: Crawled (200) <GET http://post.blogchina.com/archive?user_id=68846> (referer: http://hjbf11.blogchina.com)
2018-02-03 22:19:41 [scrapy.extensions.throttle] INFO: slot: post.blogchina.com | conc: 1 | delay:  250 ms (+0) | latency:  152 ms | size:   106 bytes
2018-02-03 22:19:41 [scrapy.core.engine] DEBUG: Crawled (200) <GET http://post.blogchina.com/archive?user_id=68853> (referer: http://carsol.blogchina.com)
2018-02-03 22:19:41 [scrapy.extensions.throttle] INFO: slot: post.blogchina.com | conc: 1 | delay:  250 ms (+0) | latency:  102 ms | size:   106 bytes
2018-02-03 22:19:41 [scrapy.core.engine] DEBUG: Crawled (200) <GET http://post.blogchina.com/archive?user_id=68886> (referer: http://boybnb1.blogchina.com)
2018-02-03 22:19:42 [scrapy.extensions.throttle] INFO: slot: post.blogchina.com | conc: 1 | delay:  250 ms (+0) | latency:  147 ms | size:   106 bytes
2018-02-03 22:19:42 [scrapy.core.engine] DEBUG: Crawled (200) <GET http://post.blogchina.com/archive?user_id=69012> (referer: http://mw2013.blogchina.com)
2018-02-03 22:19:42 [scrapy.extensions.throttle] INFO: slot: post.blogchina.com | conc: 1 | delay:  250 ms (+0) | latency:  118 ms | size:   106 bytes
2018-02-03 22:19:42 [scrapy.core.engine] DEBUG: Crawled (200) <GET http://post.blogchina.com/archive?user_id=69312> (referer: http://yyszpp.blogchina.com)
2018-02-03 22:19:42 [scrapy.extensions.throttle] INFO: slot: post.blogchina.com | conc: 1 | delay:  250 ms (+0) | latency:  119 ms | size:   211 bytes
2018-02-03 22:19:43 [scrapy.core.engine] DEBUG: Crawled (200) <GET http://post.blogchina.com/archive?user_id=69323> (referer: http://ctyake.blogchina.com)
2018-02-03 22:19:43 [scrapy.extensions.throttle] INFO: slot: post.blogchina.com | conc: 1 | delay:  250 ms (+0) | latency:   90 ms | size:   106 bytes
2018-02-03 22:19:43 [scrapy.core.engine] DEBUG: Crawled (200) <GET http://post.blogchina.com/archive?user_id=69330> (referer: http://lugang.blogchina.com)
2018-02-03 22:19:43 [scrapy.extensions.throttle] INFO: slot: post.blogchina.com | conc: 1 | delay:  250 ms (+0) | latency:  156 ms | size:   295 bytes
2018-02-03 22:19:43 [scrapy.core.engine] DEBUG: Crawled (200) <GET http://post.blogchina.com/archive?user_id=59200265> (referer: http://tangtangtang.blogchina.com)
2018-02-03 22:19:43 [scrapy.extensions.throttle] INFO: slot: post.blogchina.com | conc: 1 | delay:  250 ms (+0) | latency:  100 ms | size:   106 bytes
2018-02-03 22:19:43 [scrapy.core.engine] DEBUG: Crawled (200) <GET http://post.blogchina.com/archive?user_id=636627494> (referer: http://taohuadaozhu.blogchina.com)
2018-02-03 22:19:44 [scrapy.extensions.throttle] INFO: slot: post.blogchina.com | conc: 1 | delay:  250 ms (+0) | latency:  126 ms | size:   106 bytes
2018-02-03 22:19:44 [scrapy.core.engine] DEBUG: Crawled (200) <GET http://post.blogchina.com/archive?user_id=653411383> (referer: http://chenyunqing.blogchina.com)
2018-02-03 22:19:44 [scrapy.extensions.throttle] INFO: slot: post.blogchina.com | conc: 3 | delay:  250 ms (+0) | latency:  189 ms | size:   106 bytes
2018-02-03 22:19:44 [scrapy.core.engine] DEBUG: Crawled (200) <GET http://post.blogchina.com/archive?user_id=871248958> (referer: http://epiphany.blogchina.com)
2018-02-03 22:19:44 [scrapy.extensions.throttle] INFO: slot: post.blogchina.com | conc: 2 | delay:  654 ms (+404) | latency:  654 ms | size:   234 bytes
2018-02-03 22:19:45 [scrapy.core.engine] DEBUG: Crawled (200) <GET http://post.blogchina.com/archive?user_id=779174454> (referer: http://lilongxin.blogchina.com)
2018-02-03 22:19:45 [scrapy.extensions.throttle] INFO: slot: post.blogchina.com | conc: 1 | delay:  420 ms (-234) | latency:  185 ms | size:   151 bytes
2018-02-03 22:19:45 [scrapy.core.engine] DEBUG: Crawled (200) <GET http://post.blogchina.com/user/userNum?user_id=23612> (referer: http://post.blogchina.com/archive?user_id=23612)
2018-02-03 22:19:45 [scrapy.extensions.logstats] INFO: Crawled 225 pages (at 225 pages/min), scraped 1 items (at 1 items/min)
2018-02-03 22:19:45 [scrapy.extensions.throttle] INFO: slot: post.blogchina.com | conc: 1 | delay:  265 ms (-154) | latency:  110 ms | size:   151 bytes
2018-02-03 22:19:45 [scrapy.core.engine] DEBUG: Crawled (200) <GET http://post.blogchina.com/user/userNum?user_id=29847> (referer: http://post.blogchina.com/archive?user_id=29847)
2018-02-03 22:19:45 [scrapy.extensions.throttle] INFO: slot: post.blogchina.com | conc: 1 | delay:  250 ms (-15) | latency:  154 ms | size:   106 bytes
2018-02-03 22:19:45 [scrapy.core.engine] DEBUG: Crawled (200) <GET http://post.blogchina.com/archive?user_id=65215> (referer: http://tongzhuo100.blogchina.com)
2018-02-03 22:19:46 [scrapy.extensions.throttle] INFO: slot: post.blogchina.com | conc: 1 | delay:  250 ms (+0) | latency:  122 ms | size:   235 bytes
2018-02-03 22:19:46 [scrapy.core.engine] DEBUG: Crawled (200) <GET http://post.blogchina.com/archive?user_id=59201189> (referer: http://loveheb.blogchina.com)
2018-02-03 22:19:46 [scrapy.extensions.throttle] INFO: slot: post.blogchina.com | conc: 1 | delay:  250 ms (+0) | latency:  109 ms | size:   212 bytes
2018-02-03 22:19:46 [scrapy.core.engine] DEBUG: Crawled (200) <GET http://post.blogchina.com/archive?user_id=59201460> (referer: http://shirenkeyan.blogchina.com)
2018-02-03 22:19:46 [scrapy.extensions.throttle] INFO: slot: post.blogchina.com | conc: 1 | delay:  250 ms (+0) | latency:  129 ms | size:   214 bytes
2018-02-03 22:19:46 [scrapy.core.engine] DEBUG: Crawled (200) <GET http://post.blogchina.com/archive?user_id=59201525> (referer: http://shirenalong.blogchina.com)
2018-02-03 22:19:47 [scrapy.extensions.throttle] INFO: slot: post.blogchina.com | conc: 1 | delay:  250 ms (+0) | latency:   82 ms | size:   215 bytes
2018-02-03 22:19:47 [scrapy.core.engine] DEBUG: Crawled (200) <GET http://post.blogchina.com/archive?user_id=59201733> (referer: http://qingxingxiao.blogchina.com)
2018-02-03 22:19:47 [scrapy.extensions.throttle] INFO: slot: post.blogchina.com | conc: 1 | delay:  250 ms (+0) | latency:  147 ms | size:   269 bytes
2018-02-03 22:19:47 [scrapy.core.engine] DEBUG: Crawled (200) <GET http://post.blogchina.com/archive?user_id=493759039> (referer: http://lijinwangzhe.blogchina.com)
2018-02-03 22:19:47 [scrapy.extensions.throttle] INFO: slot: post.blogchina.com | conc: 1 | delay:  250 ms (+0) | latency:  234 ms | size:   257 bytes
2018-02-03 22:19:47 [scrapy.core.engine] DEBUG: Crawled (200) <GET http://post.blogchina.com/archive?user_id=510728742> (referer: http://zhongxueling.blogchina.com)
2018-02-03 22:19:48 [scrapy.extensions.throttle] INFO: slot: post.blogchina.com | conc: 1 | delay:  250 ms (+0) | latency:  113 ms | size:   165 bytes
2018-02-03 22:19:48 [scrapy.core.engine] DEBUG: Crawled (200) <GET http://post.blogchina.com/user/userNum?user_id=59201886> (referer: http://post.blogchina.com/archive?user_id=59201886)
2018-02-03 22:19:48 [scrapy.extensions.throttle] INFO: slot: post.blogchina.com | conc: 1 | delay:  250 ms (+0) | latency:  140 ms | size:   290 bytes
2018-02-03 22:19:48 [scrapy.core.engine] DEBUG: Crawled (200) <GET http://post.blogchina.com/archive?user_id=59199415> (referer: http://2978930250.blogchina.com)
2018-02-03 22:19:48 [scrapy.extensions.throttle] INFO: slot: post.blogchina.com | conc: 1 | delay:  250 ms (+0) | latency:  177 ms | size:   213 bytes
2018-02-03 22:19:48 [scrapy.core.engine] DEBUG: Crawled (200) <GET http://post.blogchina.com/archive?user_id=32405> (referer: http://rongrong258.blogchina.com)
2018-02-03 22:19:49 [scrapy.extensions.throttle] INFO: slot: post.blogchina.com | conc: 1 | delay:  250 ms (+0) | latency:  115 ms | size:   213 bytes
2018-02-03 22:19:49 [scrapy.core.engine] DEBUG: Crawled (200) <GET http://post.blogchina.com/archive?user_id=36720> (referer: http://shanghai541.blogchina.com)
2018-02-03 22:19:49 [scrapy.extensions.throttle] INFO: slot: post.blogchina.com | conc: 1 | delay:  250 ms (+0) | latency:  155 ms | size:   211 bytes
2018-02-03 22:19:49 [scrapy.core.engine] DEBUG: Crawled (200) <GET http://post.blogchina.com/archive?user_id=37342> (referer: http://yh333232348.blogchina.com)
2018-02-03 22:19:49 [scrapy.extensions.throttle] INFO: slot: post.blogchina.com | conc: 1 | delay:  250 ms (+0) | latency:  168 ms | size:   214 bytes
2018-02-03 22:19:49 [scrapy.core.engine] DEBUG: Crawled (200) <GET http://post.blogchina.com/archive?user_id=38027> (referer: http://qing5201314.blogchina.com)
2018-02-03 22:19:50 [scrapy.extensions.throttle] INFO: slot: post.blogchina.com | conc: 1 | delay:  250 ms (+0) | latency:  147 ms | size:   213 bytes
2018-02-03 22:19:50 [scrapy.core.engine] DEBUG: Crawled (200) <GET http://post.blogchina.com/archive?user_id=38538> (referer: http://qq843589095.blogchina.com)
2018-02-03 22:19:50 [scrapy.extensions.throttle] INFO: slot: post.blogchina.com | conc: 1 | delay:  250 ms (+0) | latency:  189 ms | size:   106 bytes
2018-02-03 22:19:50 [scrapy.core.engine] DEBUG: Crawled (200) <GET http://post.blogchina.com/archive?user_id=39274> (referer: http://qq765429441.blogchina.com)
2018-02-03 22:19:50 [scrapy.extensions.throttle] INFO: slot: post.blogchina.com | conc: 1 | delay:  250 ms (+0) | latency:  130 ms | size:   213 bytes
2018-02-03 22:19:50 [scrapy.core.engine] DEBUG: Crawled (200) <GET http://post.blogchina.com/archive?user_id=39711> (referer: http://wengxin1215.blogchina.com)
2018-02-03 22:19:51 [scrapy.extensions.throttle] INFO: slot: post.blogchina.com | conc: 1 | delay:  250 ms (+0) | latency:  118 ms | size:   214 bytes
2018-02-03 22:19:51 [scrapy.core.engine] DEBUG: Crawled (200) <GET http://post.blogchina.com/archive?user_id=40158> (referer: http://dingbuxieye.blogchina.com)
2018-02-03 22:19:51 [scrapy.extensions.throttle] INFO: slot: post.blogchina.com | conc: 1 | delay:  250 ms (+0) | latency:  157 ms | size:   210 bytes
2018-02-03 22:19:51 [scrapy.core.engine] DEBUG: Crawled (200) <GET http://post.blogchina.com/archive?user_id=45152> (referer: http://liuchuangtu.blogchina.com)
2018-02-03 22:19:51 [scrapy.extensions.throttle] INFO: slot: post.blogchina.com | conc: 1 | delay:  250 ms (+0) | latency:  131 ms | size:   212 bytes
2018-02-03 22:19:51 [scrapy.core.engine] DEBUG: Crawled (200) <GET http://post.blogchina.com/archive?user_id=56504> (referer: http://kssv123000.blogchina.com)
2018-02-03 22:19:52 [scrapy.extensions.throttle] INFO: slot: post.blogchina.com | conc: 1 | delay:  250 ms (+0) | latency:  154 ms | size:   207 bytes
2018-02-03 22:19:52 [scrapy.core.engine] DEBUG: Crawled (200) <GET http://post.blogchina.com/archive?user_id=57988> (referer: http://cangshi004.blogchina.com)
2018-02-03 22:19:52 [scrapy.extensions.throttle] INFO: slot: post.blogchina.com | conc: 1 | delay:  250 ms (+0) | latency:  115 ms | size:   106 bytes
2018-02-03 22:19:52 [scrapy.core.engine] DEBUG: Crawled (200) <GET http://post.blogchina.com/archive?user_id=59043> (referer: http://123456789lk.blogchina.com)
2018-02-03 22:19:52 [scrapy.extensions.throttle] INFO: slot: post.blogchina.com | conc: 1 | delay:  250 ms (+0) | latency:  137 ms | size:   106 bytes
2018-02-03 22:19:52 [scrapy.core.engine] DEBUG: Crawled (200) <GET http://post.blogchina.com/archive?user_id=60739> (referer: http://mailaway163.blogchina.com)
2018-02-03 22:19:53 [scrapy.extensions.throttle] INFO: slot: post.blogchina.com | conc: 1 | delay:  250 ms (+0) | latency:  140 ms | size:   213 bytes
2018-02-03 22:19:53 [scrapy.core.engine] DEBUG: Crawled (200) <GET http://post.blogchina.com/archive?user_id=61544> (referer: http://lovetao321.blogchina.com)
2018-02-03 22:19:53 [scrapy.extensions.throttle] INFO: slot: post.blogchina.com | conc: 1 | delay:  250 ms (+0) | latency:  110 ms | size:   106 bytes
2018-02-03 22:19:53 [scrapy.core.engine] DEBUG: Crawled (200) <GET http://post.blogchina.com/archive?user_id=67133> (referer: http://jiangsuaike.blogchina.com)
2018-02-03 22:19:53 [scrapy.extensions.throttle] INFO: slot: post.blogchina.com | conc: 1 | delay:  250 ms (+0) | latency:  106 ms | size:   106 bytes
2018-02-03 22:19:53 [scrapy.core.engine] DEBUG: Crawled (200) <GET http://post.blogchina.com/archive?user_id=4130616> (referer: http://kissbelt.blogchina.com)
2018-02-03 22:19:54 [scrapy.extensions.throttle] INFO: slot: post.blogchina.com | conc: 1 | delay:  250 ms (+0) | latency:  133 ms | size:   360 bytes
2018-02-03 22:19:54 [scrapy.core.engine] DEBUG: Crawled (200) <GET http://post.blogchina.com/archive?user_id=59199492> (referer: http://shenyi.blogchina.com)
2018-02-03 22:19:54 [scrapy.extensions.throttle] INFO: slot: post.blogchina.com | conc: 1 | delay:  250 ms (+0) | latency:  118 ms | size:   213 bytes
2018-02-03 22:19:54 [scrapy.core.engine] DEBUG: Crawled (200) <GET http://post.blogchina.com/archive?user_id=59201263> (referer: http://sxc134.blogchina.com)
2018-02-03 22:19:54 [scrapy.extensions.throttle] INFO: slot: post.blogchina.com | conc: 1 | delay:  250 ms (+0) | latency:  126 ms | size:   246 bytes
2018-02-03 22:19:54 [scrapy.core.engine] DEBUG: Crawled (200) <GET http://post.blogchina.com/archive?user_id=59201504> (referer: http://haoyeli.blogchina.com)
2018-02-03 22:19:54 [scrapy.extensions.throttle] INFO: slot: post.blogchina.com | conc: 1 | delay:  250 ms (+0) | latency:  120 ms | size:   296 bytes
2018-02-03 22:19:55 [scrapy.core.engine] DEBUG: Crawled (200) <GET http://post.blogchina.com/archive?user_id=59202194> (referer: http://ah6sdq.blogchina.com)
2018-02-03 22:19:55 [scrapy.extensions.throttle] INFO: slot: post.blogchina.com | conc: 1 | delay:  250 ms (+0) | latency:  132 ms | size:   106 bytes
2018-02-03 22:19:55 [scrapy.core.engine] DEBUG: Crawled (200) <GET http://post.blogchina.com/archive?user_id=527306807> (referer: http://zhaofei.blogchina.com)
2018-02-03 22:19:55 [scrapy.extensions.throttle] INFO: slot: post.blogchina.com | conc: 1 | delay:  250 ms (+0) | latency:  118 ms | size:   214 bytes
2018-02-03 22:19:55 [scrapy.core.engine] DEBUG: Crawled (200) <GET http://post.blogchina.com/archive?user_id=737231927> (referer: http://chihuo.blogchina.com)
2018-02-03 22:19:55 [scrapy.extensions.throttle] INFO: slot: post.blogchina.com | conc: 1 | delay:  250 ms (+0) | latency:  108 ms | size:   106 bytes
2018-02-03 22:19:55 [scrapy.core.engine] DEBUG: Crawled (200) <GET http://post.blogchina.com/archive?user_id=779168294> (referer: http://gtxq688.blogchina.com)
2018-02-03 22:19:56 [scrapy.extensions.throttle] INFO: slot: post.blogchina.com | conc: 1 | delay:  250 ms (+0) | latency:  116 ms | size:   141 bytes
2018-02-03 22:19:56 [scrapy.core.engine] DEBUG: Crawled (200) <GET http://post.blogchina.com/user/userNum?user_id=502074935> (referer: http://post.blogchina.com/archive?user_id=502074935)
2018-02-03 22:19:56 [scrapy.extensions.throttle] INFO: slot: post.blogchina.com | conc: 1 | delay:  250 ms (+0) | latency:  126 ms | size:   165 bytes
2018-02-03 22:19:56 [scrapy.core.engine] DEBUG: Crawled (200) <GET http://post.blogchina.com/user/userNum?user_id=653331494> (referer: http://post.blogchina.com/archive?user_id=653331494)
2018-02-03 22:19:56 [scrapy.extensions.throttle] INFO: slot: post.blogchina.com | conc: 1 | delay:  250 ms (+0) | latency:  116 ms | size:   160 bytes
2018-02-03 22:19:57 [scrapy.core.engine] DEBUG: Crawled (200) <GET http://post.blogchina.com/user/userNum?user_id=772741664> (referer: http://post.blogchina.com/archive?user_id=772741664)
2018-02-03 22:19:57 [scrapy.extensions.throttle] INFO: slot: post.blogchina.com | conc: 1 | delay:  250 ms (+0) | latency:  183 ms | size:   210 bytes
2018-02-03 22:19:57 [scrapy.core.engine] DEBUG: Crawled (200) <GET http://post.blogchina.com/archive?user_id=22435> (referer: http://zhusy9898.blogchina.com)
2018-02-03 22:19:57 [scrapy.extensions.throttle] INFO: slot: post.blogchina.com | conc: 1 | delay:  250 ms (+0) | latency:  174 ms | size:   214 bytes
2018-02-03 22:19:58 [scrapy.core.engine] DEBUG: Crawled (200) <GET http://post.blogchina.com/archive?user_id=22562> (referer: http://mdg521.blogchina.com)
2018-02-03 22:19:58 [scrapy.extensions.throttle] INFO: slot: post.blogchina.com | conc: 1 | delay:  250 ms (+0) | latency:  149 ms | size:   235 bytes
2018-02-03 22:19:58 [scrapy.core.engine] DEBUG: Crawled (200) <GET http://post.blogchina.com/archive?user_id=22726> (referer: http://lihongyan.blogchina.com)
2018-02-03 22:19:58 [scrapy.extensions.throttle] INFO: slot: post.blogchina.com | conc: 1 | delay:  250 ms (+0) | latency:  163 ms | size:   214 bytes
2018-02-03 22:19:58 [scrapy.core.engine] DEBUG: Crawled (200) <GET http://post.blogchina.com/archive?user_id=23016> (referer: http://wsysunny.blogchina.com)
2018-02-03 22:19:59 [scrapy.extensions.throttle] INFO: slot: post.blogchina.com | conc: 1 | delay:  250 ms (+0) | latency:  160 ms | size:   212 bytes
2018-02-03 22:19:59 [scrapy.core.engine] DEBUG: Crawled (200) <GET http://post.blogchina.com/archive?user_id=23111> (referer: http://yjh1992.blogchina.com)
2018-02-03 22:19:59 [scrapy.extensions.throttle] INFO: slot: post.blogchina.com | conc: 1 | delay:  250 ms (+0) | latency:  152 ms | size:   213 bytes
2018-02-03 22:19:59 [scrapy.core.engine] DEBUG: Crawled (200) <GET http://post.blogchina.com/archive?user_id=23142> (referer: http://xxjs005.blogchina.com)
2018-02-03 22:19:59 [scrapy.extensions.throttle] INFO: slot: post.blogchina.com | conc: 1 | delay:  250 ms (+0) | latency:  154 ms | size:   212 bytes
2018-02-03 22:19:59 [scrapy.core.engine] DEBUG: Crawled (200) <GET http://post.blogchina.com/archive?user_id=23153> (referer: http://zhaowensb.blogchina.com)
2018-02-03 22:20:00 [scrapy.extensions.throttle] INFO: slot: post.blogchina.com | conc: 1 | delay:  250 ms (+0) | latency:  171 ms | size:   212 bytes
2018-02-03 22:20:00 [scrapy.core.engine] DEBUG: Crawled (200) <GET http://post.blogchina.com/archive?user_id=23191> (referer: http://604248828.blogchina.com)
2018-02-03 22:20:00 [scrapy.extensions.throttle] INFO: slot: post.blogchina.com | conc: 1 | delay:  250 ms (+0) | latency:  171 ms | size:   212 bytes
2018-02-03 22:20:00 [scrapy.core.engine] DEBUG: Crawled (200) <GET http://post.blogchina.com/archive?user_id=23196> (referer: http://xxjs007.blogchina.com)
2018-02-03 22:20:00 [scrapy.extensions.throttle] INFO: slot: post.blogchina.com | conc: 1 | delay:  250 ms (+0) | latency:  116 ms | size:   209 bytes
2018-02-03 22:20:00 [scrapy.core.engine] DEBUG: Crawled (200) <GET http://post.blogchina.com/archive?user_id=23200> (referer: http://dearding.blogchina.com)
2018-02-03 22:20:00 [scrapy.extensions.throttle] INFO: slot: post.blogchina.com | conc: 1 | delay:  250 ms (+0) | latency:  149 ms | size:   212 bytes
2018-02-03 22:20:00 [scrapy.core.engine] DEBUG: Crawled (200) <GET http://post.blogchina.com/archive?user_id=23424> (referer: http://ffff177.blogchina.com)
2018-02-03 22:20:01 [scrapy.extensions.throttle] INFO: slot: post.blogchina.com | conc: 1 | delay:  250 ms (+0) | latency:  169 ms | size:   214 bytes
2018-02-03 22:20:01 [scrapy.core.engine] DEBUG: Crawled (200) <GET http://post.blogchina.com/archive?user_id=23589> (referer: http://abcde123.blogchina.com)
2018-02-03 22:20:01 [scrapy.extensions.throttle] INFO: slot: post.blogchina.com | conc: 1 | delay:  250 ms (+0) | latency:  154 ms | size:   213 bytes
2018-02-03 22:20:01 [scrapy.core.engine] DEBUG: Crawled (200) <GET http://post.blogchina.com/archive?user_id=23755> (referer: http://daqieqie.blogchina.com)
2018-02-03 22:20:01 [scrapy.extensions.throttle] INFO: slot: post.blogchina.com | conc: 1 | delay:  250 ms (+0) | latency:  128 ms | size:   210 bytes
2018-02-03 22:20:01 [scrapy.core.engine] DEBUG: Crawled (200) <GET http://post.blogchina.com/archive?user_id=23756> (referer: http://mxmxmxmx.blogchina.com)
2018-02-03 22:20:02 [scrapy.extensions.throttle] INFO: slot: post.blogchina.com | conc: 1 | delay:  250 ms (+0) | latency:  113 ms | size:   106 bytes
2018-02-03 22:20:02 [scrapy.core.engine] DEBUG: Crawled (200) <GET http://post.blogchina.com/archive?user_id=23870> (referer: http://hsfadmin.blogchina.com)
2018-02-03 22:20:02 [scrapy.extensions.throttle] INFO: slot: post.blogchina.com | conc: 1 | delay:  250 ms (+0) | latency:  134 ms | size:   212 bytes
2018-02-03 22:20:02 [scrapy.core.engine] DEBUG: Crawled (200) <GET http://post.blogchina.com/archive?user_id=23871> (referer: http://359117092.blogchina.com)
2018-02-03 22:20:02 [scrapy.extensions.throttle] INFO: slot: post.blogchina.com | conc: 1 | delay:  250 ms (+0) | latency:  132 ms | size:   209 bytes
2018-02-03 22:20:02 [scrapy.core.engine] DEBUG: Crawled (200) <GET http://post.blogchina.com/archive?user_id=24254> (referer: http://nicuixia.blogchina.com)
2018-02-03 22:20:03 [scrapy.extensions.throttle] INFO: slot: post.blogchina.com | conc: 1 | delay:  250 ms (+0) | latency:  144 ms | size:   209 bytes
2018-02-03 22:20:03 [scrapy.core.engine] DEBUG: Crawled (200) <GET http://post.blogchina.com/archive?user_id=24360> (referer: http://wangrun.blogchina.com)
2018-02-03 22:20:03 [scrapy.extensions.throttle] INFO: slot: post.blogchina.com | conc: 1 | delay:  250 ms (+0) | latency:  166 ms | size:   212 bytes
2018-02-03 22:20:03 [scrapy.core.engine] DEBUG: Crawled (200) <GET http://post.blogchina.com/archive?user_id=24446> (referer: http://mivyomiv.blogchina.com)
2018-02-03 22:20:03 [scrapy.extensions.throttle] INFO: slot: post.blogchina.com | conc: 1 | delay:  250 ms (+0) | latency:  139 ms | size:   209 bytes
2018-02-03 22:20:03 [scrapy.core.engine] DEBUG: Crawled (200) <GET http://post.blogchina.com/archive?user_id=24805> (referer: http://microhyh.blogchina.com)
2018-02-03 22:20:04 [scrapy.extensions.throttle] INFO: slot: post.blogchina.com | conc: 1 | delay:  250 ms (+0) | latency:  114 ms | size:   210 bytes
2018-02-03 22:20:04 [scrapy.core.engine] DEBUG: Crawled (200) <GET http://post.blogchina.com/archive?user_id=25029> (referer: http://springli.blogchina.com)
2018-02-03 22:20:04 [scrapy.extensions.throttle] INFO: slot: post.blogchina.com | conc: 1 | delay:  250 ms (+0) | latency:  152 ms | size:   268 bytes
2018-02-03 22:20:04 [scrapy.core.engine] DEBUG: Crawled (200) <GET http://post.blogchina.com/archive?user_id=25082> (referer: http://kafei696.blogchina.com)
2018-02-03 22:20:04 [scrapy.extensions.throttle] INFO: slot: post.blogchina.com | conc: 1 | delay:  250 ms (+0) | latency:  223 ms | size:   213 bytes
2018-02-03 22:20:04 [scrapy.core.engine] DEBUG: Crawled (200) <GET http://post.blogchina.com/archive?user_id=25142> (referer: http://dinmivyo.blogchina.com)
2018-02-03 22:20:04 [scrapy.extensions.throttle] INFO: slot: post.blogchina.com | conc: 1 | delay:  250 ms (+0) | latency:  137 ms | size:   213 bytes
2018-02-03 22:20:05 [scrapy.core.engine] DEBUG: Crawled (200) <GET http://post.blogchina.com/archive?user_id=28922> (referer: http://isjjzsjz.blogchina.com)
2018-02-03 22:20:05 [scrapy.extensions.throttle] INFO: slot: post.blogchina.com | conc: 1 | delay:  250 ms (+0) | latency:  159 ms | size:   212 bytes
2018-02-03 22:20:05 [scrapy.core.engine] DEBUG: Crawled (200) <GET http://post.blogchina.com/archive?user_id=29556> (referer: http://rhett110.blogchina.com)
2018-02-03 22:20:05 [scrapy.extensions.throttle] INFO: slot: post.blogchina.com | conc: 1 | delay:  250 ms (+0) | latency:  133 ms | size:   106 bytes
2018-02-03 22:20:05 [scrapy.core.engine] DEBUG: Crawled (200) <GET http://post.blogchina.com/archive?user_id=29707> (referer: http://comeonyu.blogchina.com)
2018-02-03 22:20:05 [scrapy.extensions.throttle] INFO: slot: post.blogchina.com | conc: 1 | delay:  250 ms (+0) | latency:  171 ms | size:   213 bytes
2018-02-03 22:20:05 [scrapy.core.engine] DEBUG: Crawled (200) <GET http://post.blogchina.com/archive?user_id=29866> (referer: http://landseer.blogchina.com)
2018-02-03 22:20:05 [scrapy.extensions.throttle] INFO: slot: post.blogchina.com | conc: 1 | delay:  250 ms (+0) | latency:  138 ms | size:   210 bytes
2018-02-03 22:20:06 [scrapy.core.engine] DEBUG: Crawled (200) <GET http://post.blogchina.com/archive?user_id=29899> (referer: http://wufeishi.blogchina.com)
2018-02-03 22:20:06 [scrapy.extensions.throttle] INFO: slot: post.blogchina.com | conc: 1 | delay:  250 ms (+0) | latency:  127 ms | size:   210 bytes
2018-02-03 22:20:06 [scrapy.core.engine] DEBUG: Crawled (200) <GET http://post.blogchina.com/archive?user_id=30029> (referer: http://tigerdai.blogchina.com)
2018-02-03 22:20:06 [scrapy.extensions.throttle] INFO: slot: post.blogchina.com | conc: 1 | delay:  250 ms (+0) | latency:  187 ms | size:   211 bytes
2018-02-03 22:20:06 [scrapy.core.engine] DEBUG: Crawled (200) <GET http://post.blogchina.com/archive?user_id=30166> (referer: http://bjsdyyjl.blogchina.com)
2018-02-03 22:20:06 [scrapy.extensions.throttle] INFO: slot: post.blogchina.com | conc: 1 | delay:  250 ms (+0) | latency:  172 ms | size:   237 bytes
2018-02-03 22:20:06 [scrapy.core.engine] DEBUG: Crawled (200) <GET http://post.blogchina.com/archive?user_id=30239> (referer: http://haomsnic.blogchina.com)
2018-02-03 22:20:07 [scrapy.extensions.throttle] INFO: slot: post.blogchina.com | conc: 1 | delay:  250 ms (+0) | latency:  137 ms | size:   209 bytes
2018-02-03 22:20:07 [scrapy.core.engine] DEBUG: Crawled (200) <GET http://post.blogchina.com/archive?user_id=30304> (referer: http://nidhsiye.blogchina.com)
2018-02-03 22:20:07 [scrapy.extensions.throttle] INFO: slot: post.blogchina.com | conc: 1 | delay:  250 ms (+0) | latency:  110 ms | size:   210 bytes
2018-02-03 22:20:07 [scrapy.core.engine] DEBUG: Crawled (200) <GET http://post.blogchina.com/archive?user_id=30338> (referer: http://lovelyhe.blogchina.com)
2018-02-03 22:20:07 [scrapy.extensions.throttle] INFO: slot: post.blogchina.com | conc: 1 | delay:  250 ms (+0) | latency:  144 ms | size:   210 bytes
2018-02-03 22:20:07 [scrapy.core.engine] DEBUG: Crawled (200) <GET http://post.blogchina.com/archive?user_id=30531> (referer: http://bulaowan.blogchina.com)
2018-02-03 22:20:08 [scrapy.extensions.throttle] INFO: slot: post.blogchina.com | conc: 1 | delay:  250 ms (+0) | latency:  110 ms | size:   209 bytes
2018-02-03 22:20:08 [scrapy.core.engine] DEBUG: Crawled (200) <GET http://post.blogchina.com/archive?user_id=30550> (referer: http://vlbidbbc.blogchina.com)
2018-02-03 22:20:08 [scrapy.extensions.throttle] INFO: slot: post.blogchina.com | conc: 1 | delay:  250 ms (+0) | latency:  129 ms | size:   211 bytes
2018-02-03 22:20:08 [scrapy.core.engine] DEBUG: Crawled (200) <GET http://post.blogchina.com/archive?user_id=30737> (referer: http://kolin859.blogchina.com)
2018-02-03 22:20:08 [scrapy.extensions.throttle] INFO: slot: post.blogchina.com | conc: 1 | delay:  250 ms (+0) | latency:  114 ms | size:   208 bytes
2018-02-03 22:20:08 [scrapy.core.engine] DEBUG: Crawled (200) <GET http://post.blogchina.com/archive?user_id=31100> (referer: http://teteboss.blogchina.com)
2018-02-03 22:20:08 [scrapy.extensions.throttle] INFO: slot: post.blogchina.com | conc: 1 | delay:  250 ms (+0) | latency:  127 ms | size:   213 bytes
2018-02-03 22:20:08 [scrapy.core.engine] DEBUG: Crawled (200) <GET http://post.blogchina.com/archive?user_id=31299> (referer: http://abroad08.blogchina.com)
2018-02-03 22:20:09 [scrapy.extensions.throttle] INFO: slot: post.blogchina.com | conc: 1 | delay:  250 ms (+0) | latency:  190 ms | size:   211 bytes
2018-02-03 22:20:09 [scrapy.core.engine] DEBUG: Crawled (200) <GET http://post.blogchina.com/archive?user_id=31338> (referer: http://sheng123.blogchina.com)
2018-02-03 22:20:09 [scrapy.extensions.throttle] INFO: slot: post.blogchina.com | conc: 1 | delay:  250 ms (+0) | latency:  160 ms | size:   214 bytes
2018-02-03 22:20:09 [scrapy.core.engine] DEBUG: Crawled (200) <GET http://post.blogchina.com/archive?user_id=31523> (referer: http://oovalves.blogchina.com)
2018-02-03 22:20:09 [scrapy.extensions.throttle] INFO: slot: post.blogchina.com | conc: 1 | delay:  250 ms (+0) | latency:  143 ms | size:   211 bytes
2018-02-03 22:20:09 [scrapy.core.engine] DEBUG: Crawled (200) <GET http://post.blogchina.com/archive?user_id=31581> (referer: http://w6685896.blogchina.com)
2018-02-03 22:20:10 [scrapy.extensions.throttle] INFO: slot: post.blogchina.com | conc: 1 | delay:  250 ms (+0) | latency:  231 ms | size:   211 bytes
2018-02-03 22:20:10 [scrapy.core.engine] DEBUG: Crawled (200) <GET http://post.blogchina.com/archive?user_id=31623> (referer: http://cicelee.blogchina.com)
2018-02-03 22:20:10 [scrapy.extensions.throttle] INFO: slot: post.blogchina.com | conc: 1 | delay:  250 ms (+0) | latency:  201 ms | size:   213 bytes
2018-02-03 22:20:10 [scrapy.core.engine] DEBUG: Crawled (200) <GET http://post.blogchina.com/archive?user_id=31782> (referer: http://xdeboke9.blogchina.com)
2018-02-03 22:20:11 [scrapy.extensions.throttle] INFO: slot: post.blogchina.com | conc: 1 | delay:  270 ms (+20) | latency:  270 ms | size:   211 bytes
2018-02-03 22:20:11 [scrapy.core.engine] DEBUG: Crawled (200) <GET http://post.blogchina.com/archive?user_id=31903> (referer: http://tudou118.blogchina.com)
2018-02-03 22:20:11 [scrapy.extensions.throttle] INFO: slot: post.blogchina.com | conc: 1 | delay:  250 ms (-20) | latency:  219 ms | size:   212 bytes
2018-02-03 22:20:11 [scrapy.core.engine] DEBUG: Crawled (200) <GET http://post.blogchina.com/archive?user_id=31911> (referer: http://poorwind.blogchina.com)
2018-02-03 22:20:11 [scrapy.extensions.throttle] INFO: slot: post.blogchina.com | conc: 1 | delay:  250 ms (+0) | latency:  141 ms | size:   210 bytes
2018-02-03 22:20:11 [scrapy.core.engine] DEBUG: Crawled (200) <GET http://post.blogchina.com/archive?user_id=31930> (referer: http://happy888.blogchina.com)
2018-02-03 22:20:11 [scrapy.extensions.throttle] INFO: slot: post.blogchina.com | conc: 1 | delay:  250 ms (+0) | latency:  140 ms | size:   326 bytes
2018-02-03 22:20:11 [scrapy.core.engine] DEBUG: Crawled (200) <GET http://post.blogchina.com/archive?user_id=32039> (referer: http://kanhaier.blogchina.com)
2018-02-03 22:20:12 [scrapy.extensions.throttle] INFO: slot: post.blogchina.com | conc: 1 | delay:  250 ms (+0) | latency:  173 ms | size:   214 bytes
2018-02-03 22:20:12 [scrapy.core.engine] DEBUG: Crawled (200) <GET http://post.blogchina.com/archive?user_id=32064> (referer: http://duikouzs.blogchina.com)
2018-02-03 22:20:12 [scrapy.extensions.throttle] INFO: slot: post.blogchina.com | conc: 1 | delay:  250 ms (+0) | latency:  140 ms | size:   106 bytes
2018-02-03 22:20:12 [scrapy.core.engine] DEBUG: Crawled (200) <GET http://post.blogchina.com/archive?user_id=32068> (referer: http://mxxl1226.blogchina.com)
2018-02-03 22:20:12 [scrapy.extensions.throttle] INFO: slot: post.blogchina.com | conc: 1 | delay:  250 ms (+0) | latency:  165 ms | size:   255 bytes
2018-02-03 22:20:12 [scrapy.core.engine] DEBUG: Crawled (200) <GET http://post.blogchina.com/archive?user_id=32125> (referer: http://rowenzrw.blogchina.com)
2018-02-03 22:20:13 [scrapy.extensions.throttle] INFO: slot: post.blogchina.com | conc: 1 | delay:  250 ms (+0) | latency:  133 ms | size:   213 bytes
2018-02-03 22:20:13 [scrapy.core.engine] DEBUG: Crawled (200) <GET http://post.blogchina.com/archive?user_id=32541> (referer: http://qqhxwg.blogchina.com)
2018-02-03 22:20:13 [scrapy.extensions.throttle] INFO: slot: post.blogchina.com | conc: 1 | delay:  250 ms (+0) | latency:  111 ms | size:   213 bytes
2018-02-03 22:20:13 [scrapy.core.engine] DEBUG: Crawled (200) <GET http://post.blogchina.com/archive?user_id=32567> (referer: http://hfjdksla.blogchina.com)
2018-02-03 22:20:13 [scrapy.extensions.throttle] INFO: slot: post.blogchina.com | conc: 1 | delay:  250 ms (+0) | latency:  138 ms | size:   209 bytes
2018-02-03 22:20:13 [scrapy.core.engine] DEBUG: Crawled (200) <GET http://post.blogchina.com/archive?user_id=32610> (referer: http://jfuenvbx.blogchina.com)
2018-02-03 22:20:14 [scrapy.extensions.throttle] INFO: slot: post.blogchina.com | conc: 1 | delay:  250 ms (+0) | latency:  129 ms | size:   213 bytes
2018-02-03 22:20:14 [scrapy.core.engine] DEBUG: Crawled (200) <GET http://post.blogchina.com/archive?user_id=32639> (referer: http://hiwddsxx.blogchina.com)
2018-02-03 22:20:14 [scrapy.extensions.throttle] INFO: slot: post.blogchina.com | conc: 1 | delay:  250 ms (+0) | latency:  136 ms | size:   211 bytes
2018-02-03 22:20:14 [scrapy.core.engine] DEBUG: Crawled (200) <GET http://post.blogchina.com/archive?user_id=32769> (referer: http://test003.blogchina.com)
2018-02-03 22:20:14 [scrapy.extensions.throttle] INFO: slot: post.blogchina.com | conc: 2 | delay:  250 ms (+0) | latency:  140 ms | size:   106 bytes
2018-02-03 22:20:14 [scrapy.core.engine] DEBUG: Crawled (200) <GET http://post.blogchina.com/archive?user_id=33089> (referer: http://s6063711.blogchina.com)
2018-02-03 22:20:14 [scrapy.extensions.throttle] INFO: slot: post.blogchina.com | conc: 1 | delay:  250 ms (+0) | latency:  218 ms | size:   259 bytes
2018-02-03 22:20:14 [scrapy.core.engine] DEBUG: Crawled (200) <GET http://post.blogchina.com/archive?user_id=33108> (referer: http://32068332.blogchina.com)
2018-02-03 22:20:15 [scrapy.extensions.throttle] INFO: slot: post.blogchina.com | conc: 1 | delay:  250 ms (+0) | latency:  205 ms | size:   210 bytes
2018-02-03 22:20:15 [scrapy.core.engine] DEBUG: Crawled (200) <GET http://post.blogchina.com/archive?user_id=33147> (referer: http://opckmsj8.blogchina.com)
2018-02-03 22:20:15 [scrapy.extensions.throttle] INFO: slot: post.blogchina.com | conc: 1 | delay:  250 ms (+0) | latency:  145 ms | size:   211 bytes
2018-02-03 22:20:15 [scrapy.core.engine] DEBUG: Crawled (200) <GET http://post.blogchina.com/archive?user_id=33152> (referer: http://gao02004.blogchina.com)
2018-02-03 22:20:15 [scrapy.extensions.throttle] INFO: slot: post.blogchina.com | conc: 1 | delay:  250 ms (+0) | latency:  155 ms | size:   210 bytes
2018-02-03 22:20:15 [scrapy.core.engine] DEBUG: Crawled (200) <GET http://post.blogchina.com/archive?user_id=33157> (referer: http://jfehhdee.blogchina.com)
2018-02-03 22:20:16 [scrapy.extensions.throttle] INFO: slot: post.blogchina.com | conc: 1 | delay:  250 ms (+0) | latency:  159 ms | size:   210 bytes
2018-02-03 22:20:16 [scrapy.core.engine] DEBUG: Crawled (200) <GET http://post.blogchina.com/archive?user_id=33209> (referer: http://a1104201.blogchina.com)
2018-02-03 22:20:16 [scrapy.extensions.throttle] INFO: slot: post.blogchina.com | conc: 1 | delay:  250 ms (+0) | latency:  144 ms | size:   214 bytes
2018-02-03 22:20:16 [scrapy.core.engine] DEBUG: Crawled (200) <GET http://post.blogchina.com/archive?user_id=33231> (referer: http://bjcome85.blogchina.com)
2018-02-03 22:20:16 [scrapy.extensions.throttle] INFO: slot: post.blogchina.com | conc: 1 | delay:  250 ms (+0) | latency:  150 ms | size:   211 bytes
2018-02-03 22:20:16 [scrapy.core.engine] DEBUG: Crawled (200) <GET http://post.blogchina.com/archive?user_id=33290> (referer: http://bianyaqi.blogchina.com)
2018-02-03 22:20:17 [scrapy.extensions.throttle] INFO: slot: post.blogchina.com | conc: 1 | delay:  250 ms (+0) | latency:  150 ms | size:   213 bytes
2018-02-03 22:20:17 [scrapy.core.engine] DEBUG: Crawled (200) <GET http://post.blogchina.com/archive?user_id=33413> (referer: http://hejsbbwk.blogchina.com)
2018-02-03 22:20:17 [scrapy.extensions.throttle] INFO: slot: post.blogchina.com | conc: 1 | delay:  250 ms (+0) | latency:  130 ms | size:   210 bytes
2018-02-03 22:20:17 [scrapy.core.engine] DEBUG: Crawled (200) <GET http://post.blogchina.com/archive?user_id=33470> (referer: http://hjkoye88.blogchina.com)
